This is pdfTeX, Version 3.14159265-2.6-1.40.21 (MiKTeX 20.6.29) (preloaded format=pdflatex 2020.9.16)  25 DEC 2020 10:01
entering extended mode
**./title.tex
(title.tex
LaTeX2e <2020-02-02> patch level 5
L3 programming layer <2020-06-18>

! Package inputenc Error: Unicode character –ú (U+041C)
(inputenc)                not set up for use with LaTeX.

See the inputenc package documentation for explanation.
Type  H <return>  for immediate help.
 ...                                              
                                                  
l.1 \centering –ú
                 –∏–Ω–∏—Å—Ç–µ—Ä—Å—Ç–≤–æ –Ω–∞—É–∫–∏ –∏ –≤—ã—Å—à–µ–≥–æ –æ–±—Ä–...

You may provide a definition with
\DeclareUnicodeCharacter 


! Package inputenc Error: Unicode character –∏ (U+0438)
(inputenc)                not set up for use with LaTeX.

See the inputenc package documentation for explanation.
Type  H <return>  for immediate help.
 ...                                              
                                                  
l.1 \centering –ú–∏
                   –Ω–∏—Å—Ç–µ—Ä—Å—Ç–≤–æ –Ω–∞—É–∫–∏ –∏ –≤—ã—Å—à–µ–≥–æ –æ–±—Ä–...

You may provide a definition with
\DeclareUnicodeCharacter 


! Package inputenc Error: Unicode character –Ω (U+043D)
(inputenc)                not set up for use with LaTeX.

See the inputenc package documentation for explanation.
Type  H <return>  for immediate help.
 ...                                              
                                                  
l.1 \centering –ú–∏–Ω
                     –∏—Å—Ç–µ—Ä—Å—Ç–≤–æ –Ω–∞—É–∫–∏ –∏ –≤—ã—Å—à–µ–≥–æ –æ–±—Ä–...

You may provide a definition with
\DeclareUnicodeCharacter 


! Package inputenc Error: Unicode character –∏ (U+0438)
(inputenc)                not set up for use with LaTeX.

See the inputenc package documentation for explanation.
Type  H <return>  for immediate help.
 ...                                              
                                                  
l.1 \centering –ú–∏–Ω–∏
                       —Å—Ç–µ—Ä—Å—Ç–≤–æ –Ω–∞—É–∫–∏ –∏ –≤—ã—Å—à–µ–≥–æ –æ–±—Ä–...

You may provide a definition with
\DeclareUnicodeCharacter 


! Package inputenc Error: Unicode character —Å (U+0441)
(inputenc)                not set up for use with LaTeX.

See the inputenc package documentation for explanation.
Type  H <return>  for immediate help.
 ...                                              
                                                  
l.1 \centering –ú–∏–Ω–∏—Å
                         —Ç–µ—Ä—Å—Ç–≤–æ –Ω–∞—É–∫–∏ –∏ –≤—ã—Å—à–µ–≥–æ –æ–±—Ä–...

You may provide a definition with
\DeclareUnicodeCharacter 


! Package inputenc Error: Unicode character —Ç (U+0442)
(inputenc)                not set up for use with LaTeX.

See the inputenc package documentation for explanation.
Type  H <return>  for immediate help.
 ...                                              
                                                  
l.1 \centering –ú–∏–Ω–∏—Å—Ç
                           –µ—Ä—Å—Ç–≤–æ –Ω–∞—É–∫–∏ –∏ –≤—ã—Å—à–µ–≥–æ –æ–±—Ä–...

You may provide a definition with
\DeclareUnicodeCharacter 


! Package inputenc Error: Unicode character –µ (U+0435)
(inputenc)                not set up for use with LaTeX.

See the inputenc package documentation for explanation.
Type  H <return>  for immediate help.
 ...                                              
                                                  
l.1 \centering –ú–∏–Ω–∏—Å—Ç–µ
                             —Ä—Å—Ç–≤–æ –Ω–∞—É–∫–∏ –∏ –≤—ã—Å—à–µ–≥–æ –æ–±—Ä–...

You may provide a definition with
\DeclareUnicodeCharacter 


! Package inputenc Error: Unicode character —Ä (U+0440)
(inputenc)                not set up for use with LaTeX.

See the inputenc package documentation for explanation.
Type  H <return>  for immediate help.
 ...                                              
                                                  
l.1 \centering –ú–∏–Ω–∏—Å—Ç–µ—Ä
                               —Å—Ç–≤–æ –Ω–∞—É–∫–∏ –∏ –≤—ã—Å—à–µ–≥–æ –æ–±—Ä–...

You may provide a definition with
\DeclareUnicodeCharacter 


! Package inputenc Error: Unicode character —Å (U+0441)
(inputenc)                not set up for use with LaTeX.

See the inputenc package documentation for explanation.
Type  H <return>  for immediate help.
 ...                                              
                                                  
l.1 \centering –ú–∏–Ω–∏—Å—Ç–µ—Ä—Å
                                 —Ç–≤–æ –Ω–∞—É–∫–∏ –∏ –≤—ã—Å—à–µ–≥–æ –æ–±—Ä–...

You may provide a definition with
\DeclareUnicodeCharacter 


! Package inputenc Error: Unicode character —Ç (U+0442)
(inputenc)                not set up for use with LaTeX.

See the inputenc package documentation for explanation.
Type  H <return>  for immediate help.
 ...                                              
                                                  
l.1 \centering –ú–∏–Ω–∏—Å—Ç–µ—Ä—Å—Ç
                                   –≤–æ –Ω–∞—É–∫–∏ –∏ –≤—ã—Å—à–µ–≥–æ –æ–±—Ä–...

You may provide a definition with
\DeclareUnicodeCharacter 


! Package inputenc Error: Unicode character –≤ (U+0432)
(inputenc)                not set up for use with LaTeX.

See the inputenc package documentation for explanation.
Type  H <return>  for immediate help.
 ...                                              
                                                  
l.1 \centering –ú–∏–Ω–∏—Å—Ç–µ—Ä—Å—Ç–≤
                                     –æ –Ω–∞—É–∫–∏ –∏ –≤—ã—Å—à–µ–≥–æ –æ–±—Ä–...

You may provide a definition with
\DeclareUnicodeCharacter 


! Package inputenc Error: Unicode character –æ (U+043E)
(inputenc)                not set up for use with LaTeX.

See the inputenc package documentation for explanation.
Type  H <return>  for immediate help.
 ...                                              
                                                  
l.1 \centering –ú–∏–Ω–∏—Å—Ç–µ—Ä—Å—Ç–≤–æ
                                        –Ω–∞—É–∫–∏ –∏ –≤—ã—Å—à–µ–≥–æ –æ–±—Ä–...

You may provide a definition with
\DeclareUnicodeCharacter 


! Package inputenc Error: Unicode character –Ω (U+043D)
(inputenc)                not set up for use with LaTeX.

See the inputenc package documentation for explanation.
Type  H <return>  for immediate help.
 ...                                              
                                                  
l.1 \centering –ú–∏–Ω–∏—Å—Ç–µ—Ä—Å—Ç–≤–æ –Ω
                                          –∞—É–∫–∏ –∏ –≤—ã—Å—à–µ–≥–æ –æ–±—Ä–...

You may provide a definition with
\DeclareUnicodeCharacter 


! Package inputenc Error: Unicode character –∞ (U+0430)
(inputenc)                not set up for use with LaTeX.

See the inputenc package documentation for explanation.
Type  H <return>  for immediate help.
 ...                                              
                                                  
l.1 \centering –ú–∏–Ω–∏—Å—Ç–µ—Ä—Å—Ç–≤–æ –Ω–∞
                                            —É–∫–∏ –∏ –≤—ã—Å—à–µ–≥–æ –æ–±—Ä–...

You may provide a definition with
\DeclareUnicodeCharacter 


! Package inputenc Error: Unicode character —É (U+0443)
(inputenc)                not set up for use with LaTeX.

See the inputenc package documentation for explanation.
Type  H <return>  for immediate help.
 ...                                              
                                                  
l.1 \centering –ú–∏–Ω–∏—Å—Ç–µ—Ä—Å—Ç–≤–æ –Ω–∞—É
                                              –∫–∏ –∏ –≤—ã—Å—à–µ–≥–æ –æ–±—Ä–...

You may provide a definition with
\DeclareUnicodeCharacter 


! Package inputenc Error: Unicode character –∫ (U+043A)
(inputenc)                not set up for use with LaTeX.

See the inputenc package documentation for explanation.
Type  H <return>  for immediate help.
 ...                                              
                                                  
l.1 \centering –ú–∏–Ω–∏—Å—Ç–µ—Ä—Å—Ç–≤–æ –Ω–∞—É–∫
                                                –∏ –∏ –≤—ã—Å—à–µ–≥–æ –æ–±—Ä–...

You may provide a definition with
\DeclareUnicodeCharacter 


! Package inputenc Error: Unicode character –∏ (U+0438)
(inputenc)                not set up for use with LaTeX.

See the inputenc package documentation for explanation.
Type  H <return>  for immediate help.
 ...                                              
                                                  
l.1 \centering –ú–∏–Ω–∏—Å—Ç–µ—Ä—Å—Ç–≤–æ –Ω–∞—É–∫–∏
                                                   –∏ –≤—ã—Å—à–µ–≥–æ –æ–±—Ä–...

You may provide a definition with
\DeclareUnicodeCharacter 


! Package inputenc Error: Unicode character –∏ (U+0438)
(inputenc)                not set up for use with LaTeX.

See the inputenc package documentation for explanation.
Type  H <return>  for immediate help.
 ...                                              
                                                  
l.1 ...ring –ú–∏–Ω–∏—Å—Ç–µ—Ä—Å—Ç–≤–æ –Ω–∞—É–∫–∏ –∏
                                                   –≤—ã—Å—à–µ–≥–æ –æ–±—Ä–∞–∑...

You may provide a definition with
\DeclareUnicodeCharacter 


! Package inputenc Error: Unicode character –≤ (U+0432)
(inputenc)                not set up for use with LaTeX.

See the inputenc package documentation for explanation.
Type  H <return>  for immediate help.
 ...                                              
                                                  
l.1 ...g –ú–∏–Ω–∏—Å—Ç–µ—Ä—Å—Ç–≤–æ –Ω–∞—É–∫–∏ –∏ –≤
                                                  —ã—Å—à–µ–≥–æ –æ–±—Ä–∞–∑–æ–...

You may provide a definition with
\DeclareUnicodeCharacter 


! Package inputenc Error: Unicode character —ã (U+044B)
(inputenc)                not set up for use with LaTeX.

See the inputenc package documentation for explanation.
Type  H <return>  for immediate help.
 ...                                              
                                                  
l.1 ...–ú–∏–Ω–∏—Å—Ç–µ—Ä—Å—Ç–≤–æ –Ω–∞—É–∫–∏ –∏ –≤—ã
                                                  —Å—à–µ–≥–æ –æ–±—Ä–∞–∑–æ–≤–...

You may provide a definition with
\DeclareUnicodeCharacter 


! Package inputenc Error: Unicode character —Å (U+0441)
(inputenc)                not set up for use with LaTeX.

See the inputenc package documentation for explanation.
Type  H <return>  for immediate help.
 ...                                              
                                                  
l.1 ...–∏–Ω–∏—Å—Ç–µ—Ä—Å—Ç–≤–æ –Ω–∞—É–∫–∏ –∏ –≤—ã—Å
                                                  —à–µ–≥–æ –æ–±—Ä–∞–∑–æ–≤–Ω–...

You may provide a definition with
\DeclareUnicodeCharacter 


! Package inputenc Error: Unicode character —à (U+0448)
(inputenc)                not set up for use with LaTeX.

See the inputenc package documentation for explanation.
Type  H <return>  for immediate help.
 ...                                              
                                                  
l.1 ...–Ω–∏—Å—Ç–µ—Ä—Å—Ç–≤–æ –Ω–∞—É–∫–∏ –∏ –≤—ã—Å—à
                                                  –µ–≥–æ –æ–±—Ä–∞–∑–æ–≤–Ω–∏—...

You may provide a definition with
\DeclareUnicodeCharacter 


! Package inputenc Error: Unicode character –µ (U+0435)
(inputenc)                not set up for use with LaTeX.

See the inputenc package documentation for explanation.
Type  H <return>  for immediate help.
 ...                                              
                                                  
l.1 ...–∏—Å—Ç–µ—Ä—Å—Ç–≤–æ –Ω–∞—É–∫–∏ –∏ –≤—ã—Å—à–µ
                                                  –≥–æ –æ–±—Ä–∞–∑–æ–≤–Ω–∏—è ...

You may provide a definition with
\DeclareUnicodeCharacter 


! Package inputenc Error: Unicode character –≥ (U+0433)
(inputenc)                not set up for use with LaTeX.

See the inputenc package documentation for explanation.
Type  H <return>  for immediate help.
 ...                                              
                                                  
l.1 ...—Å—Ç–µ—Ä—Å—Ç–≤–æ –Ω–∞—É–∫–∏ –∏ –≤—ã—Å—à–µ–≥
                                                  –æ –æ–±—Ä–∞–∑–æ–≤–Ω–∏—è –†...

You may provide a definition with
\DeclareUnicodeCharacter 


! Package inputenc Error: Unicode character –æ (U+043E)
(inputenc)                not set up for use with LaTeX.

See the inputenc package documentation for explanation.
Type  H <return>  for immediate help.
 ...                                              
                                                  
l.1 ...—Ç–µ—Ä—Å—Ç–≤–æ –Ω–∞—É–∫–∏ –∏ –≤—ã—Å—à–µ–≥–æ
                                                   –æ–±—Ä–∞–∑–æ–≤–Ω–∏—è –†–æ...

You may provide a definition with
\DeclareUnicodeCharacter 


! Package inputenc Error: Unicode character –æ (U+043E)
(inputenc)                not set up for use with LaTeX.

See the inputenc package documentation for explanation.
Type  H <return>  for immediate help.
 ...                                              
                                                  
l.1 ...µ—Ä—Å—Ç–≤–æ –Ω–∞—É–∫–∏ –∏ –≤—ã—Å—à–µ–≥–æ –æ
                                                  –±—Ä–∞–∑–æ–≤–Ω–∏—è –†–æ—Å—...

You may provide a definition with
\DeclareUnicodeCharacter 


! Package inputenc Error: Unicode character –± (U+0431)
(inputenc)                not set up for use with LaTeX.

See the inputenc package documentation for explanation.
Type  H <return>  for immediate help.
 ...                                              
                                                  
l.1 ...Ä—Å—Ç–≤–æ –Ω–∞—É–∫–∏ –∏ –≤—ã—Å—à–µ–≥–æ –æ–±
                                                  —Ä–∞–∑–æ–≤–Ω–∏—è –†–æ—Å—Å–...

You may provide a definition with
\DeclareUnicodeCharacter 


! Package inputenc Error: Unicode character —Ä (U+0440)
(inputenc)                not set up for use with LaTeX.

See the inputenc package documentation for explanation.
Type  H <return>  for immediate help.
 ...                                              
                                                  
l.1 ...Å—Ç–≤–æ –Ω–∞—É–∫–∏ –∏ –≤—ã—Å—à–µ–≥–æ –æ–±—Ä
                                                  –∞–∑–æ–≤–Ω–∏—è –†–æ—Å—Å–∏–...

You may provide a definition with
\DeclareUnicodeCharacter 


! Package inputenc Error: Unicode character –∞ (U+0430)
(inputenc)                not set up for use with LaTeX.

See the inputenc package documentation for explanation.
Type  H <return>  for immediate help.
 ...                                              
                                                  
l.1 ...Ç–≤–æ –Ω–∞—É–∫–∏ –∏ –≤—ã—Å—à–µ–≥–æ –æ–±—Ä–∞
                                                  –∑–æ–≤–Ω–∏—è –†–æ—Å—Å–∏–π—...

You may provide a definition with
\DeclareUnicodeCharacter 


! Package inputenc Error: Unicode character –∑ (U+0437)
(inputenc)                not set up for use with LaTeX.

See the inputenc package documentation for explanation.
Type  H <return>  for immediate help.
 ...                                              
                                                  
l.1 ...≤–æ –Ω–∞—É–∫–∏ –∏ –≤—ã—Å—à–µ–≥–æ –æ–±—Ä–∞–∑
                                                  –æ–≤–Ω–∏—è –†–æ—Å—Å–∏–π—Å–...

You may provide a definition with
\DeclareUnicodeCharacter 


! Package inputenc Error: Unicode character –æ (U+043E)
(inputenc)                not set up for use with LaTeX.

See the inputenc package documentation for explanation.
Type  H <return>  for immediate help.
 ...                                              
                                                  
l.1 ...æ –Ω–∞—É–∫–∏ –∏ –≤—ã—Å—à–µ–≥–æ –æ–±—Ä–∞–∑–æ
                                                  –≤–Ω–∏—è –†–æ—Å—Å–∏–π—Å–∫–...

You may provide a definition with
\DeclareUnicodeCharacter 


! Package inputenc Error: Unicode character –≤ (U+0432)
(inputenc)                not set up for use with LaTeX.

See the inputenc package documentation for explanation.
Type  H <return>  for immediate help.
 ...                                              
                                                  
l.1 ...–Ω–∞—É–∫–∏ –∏ –≤—ã—Å—à–µ–≥–æ –æ–±—Ä–∞–∑–æ–≤
                                                  –Ω–∏—è –†–æ—Å—Å–∏–π—Å–∫–æ–...

You may provide a definition with
\DeclareUnicodeCharacter 


! Package inputenc Error: Unicode character –Ω (U+043D)
(inputenc)                not set up for use with LaTeX.

See the inputenc package documentation for explanation.
Type  H <return>  for immediate help.
 ...                                              
                                                  
l.1 ...–∞—É–∫–∏ –∏ –≤—ã—Å—à–µ–≥–æ –æ–±—Ä–∞–∑–æ–≤–Ω
                                                  –∏—è –†–æ—Å—Å–∏–π—Å–∫–æ–π ...

You may provide a definition with
\DeclareUnicodeCharacter 


! Package inputenc Error: Unicode character –∏ (U+0438)
(inputenc)                not set up for use with LaTeX.

See the inputenc package documentation for explanation.
Type  H <return>  for immediate help.
 ...                                              
                                                  
l.1 ...—É–∫–∏ –∏ –≤—ã—Å—à–µ–≥–æ –æ–±—Ä–∞–∑–æ–≤–Ω–∏
                                                  —è –†–æ—Å—Å–∏–π—Å–∫–æ–π –§...

You may provide a definition with
\DeclareUnicodeCharacter 


! Package inputenc Error: Unicode character —è (U+044F)
(inputenc)                not set up for use with LaTeX.

See the inputenc package documentation for explanation.
Type  H <return>  for immediate help.
 ...                                              
                                                  
l.1 ...–∫–∏ –∏ –≤—ã—Å—à–µ–≥–æ –æ–±—Ä–∞–∑–æ–≤–Ω–∏—è
                                                   –†–æ—Å—Å–∏–π—Å–∫–æ–π –§–µ...

You may provide a definition with
\DeclareUnicodeCharacter 


! Package inputenc Error: Unicode character –† (U+0420)
(inputenc)                not set up for use with LaTeX.

See the inputenc package documentation for explanation.
Type  H <return>  for immediate help.
 ...                                              
                                                  
l.1 ...∏ –∏ –≤—ã—Å—à–µ–≥–æ –æ–±—Ä–∞–∑–æ–≤–Ω–∏—è –†
                                                  –æ—Å—Å–∏–π—Å–∫–æ–π –§–µ–¥–...

You may provide a definition with
\DeclareUnicodeCharacter 


! Package inputenc Error: Unicode character –æ (U+043E)
(inputenc)                not set up for use with LaTeX.

See the inputenc package documentation for explanation.
Type  H <return>  for immediate help.
 ...                                              
                                                  
l.1 ...–∏ –≤—ã—Å—à–µ–≥–æ –æ–±—Ä–∞–∑–æ–≤–Ω–∏—è –†–æ
                                                  —Å—Å–∏–π—Å–∫–æ–π –§–µ–¥–µ—...

You may provide a definition with
\DeclareUnicodeCharacter 


! Package inputenc Error: Unicode character —Å (U+0441)
(inputenc)                not set up for use with LaTeX.

See the inputenc package documentation for explanation.
Type  H <return>  for immediate help.
 ...                                              
                                                  
l.1 ... –≤—ã—Å—à–µ–≥–æ –æ–±—Ä–∞–∑–æ–≤–Ω–∏—è –†–æ—Å
                                                  —Å–∏–π—Å–∫–æ–π –§–µ–¥–µ—Ä–...

You may provide a definition with
\DeclareUnicodeCharacter 


! Package inputenc Error: Unicode character —Å (U+0441)
(inputenc)                not set up for use with LaTeX.

See the inputenc package documentation for explanation.
Type  H <return>  for immediate help.
 ...                                              
                                                  
l.1 ...≤—ã—Å—à–µ–≥–æ –æ–±—Ä–∞–∑–æ–≤–Ω–∏—è –†–æ—Å—Å
                                                  –∏–π—Å–∫–æ–π –§–µ–¥–µ—Ä–∞—...

You may provide a definition with
\DeclareUnicodeCharacter 


! Package inputenc Error: Unicode character –∏ (U+0438)
(inputenc)                not set up for use with LaTeX.

See the inputenc package documentation for explanation.
Type  H <return>  for immediate help.
 ...                                              
                                                  
l.1 ...ã—Å—à–µ–≥–æ –æ–±—Ä–∞–∑–æ–≤–Ω–∏—è –†–æ—Å—Å–∏
                                                  –π—Å–∫–æ–π –§–µ–¥–µ—Ä–∞—Ü–∏–∏

You may provide a definition with
\DeclareUnicodeCharacter 


! Package inputenc Error: Unicode character –π (U+0439)
(inputenc)                not set up for use with LaTeX.

See the inputenc package documentation for explanation.
Type  H <return>  for immediate help.
 ...                                              
                                                  
l.1 ...Å—à–µ–≥–æ –æ–±—Ä–∞–∑–æ–≤–Ω–∏—è –†–æ—Å—Å–∏–π
                                                  —Å–∫–æ–π –§–µ–¥–µ—Ä–∞—Ü–∏–∏
You may provide a definition with
\DeclareUnicodeCharacter 


! Package inputenc Error: Unicode character —Å (U+0441)
(inputenc)                not set up for use with LaTeX.

See the inputenc package documentation for explanation.
Type  H <return>  for immediate help.
 ...                                              
                                                  
l.1 ...à–µ–≥–æ –æ–±—Ä–∞–∑–æ–≤–Ω–∏—è –†–æ—Å—Å–∏–π—Å
                                                  –∫–æ–π –§–µ–¥–µ—Ä–∞—Ü–∏–∏
You may provide a definition with
\DeclareUnicodeCharacter 


! Package inputenc Error: Unicode character –∫ (U+043A)
(inputenc)                not set up for use with LaTeX.

See the inputenc package documentation for explanation.
Type  H <return>  for immediate help.
 ...                                              
                                                  
l.1 ...µ–≥–æ –æ–±—Ä–∞–∑–æ–≤–Ω–∏—è –†–æ—Å—Å–∏–π—Å–∫
                                                  –æ–π –§–µ–¥–µ—Ä–∞—Ü–∏–∏
You may provide a definition with
\DeclareUnicodeCharacter 


! Package inputenc Error: Unicode character –æ (U+043E)
(inputenc)                not set up for use with LaTeX.

See the inputenc package documentation for explanation.
Type  H <return>  for immediate help.
 ...                                              
                                                  
l.1 ...≥–æ –æ–±—Ä–∞–∑–æ–≤–Ω–∏—è –†–æ—Å—Å–∏–π—Å–∫–æ
                                                  –π –§–µ–¥–µ—Ä–∞—Ü–∏–∏
You may provide a definition with
\DeclareUnicodeCharacter 


! Package inputenc Error: Unicode character –π (U+0439)
(inputenc)                not set up for use with LaTeX.

See the inputenc package documentation for explanation.
Type  H <return>  for immediate help.
 ...                                              
                                                  
l.1 ...æ –æ–±—Ä–∞–∑–æ–≤–Ω–∏—è –†–æ—Å—Å–∏–π—Å–∫–æ–π
                                                   –§–µ–¥–µ—Ä–∞—Ü–∏–∏
You may provide a definition with
\DeclareUnicodeCharacter 


! Package inputenc Error: Unicode character –§ (U+0424)
(inputenc)                not set up for use with LaTeX.

See the inputenc package documentation for explanation.
Type  H <return>  for immediate help.
 ...                                              
                                                  
l.1 ...æ–±—Ä–∞–∑–æ–≤–Ω–∏—è –†–æ—Å—Å–∏–π—Å–∫–æ–π –§
                                                  –µ–¥–µ—Ä–∞—Ü–∏–∏
You may provide a definition with
\DeclareUnicodeCharacter 


! Package inputenc Error: Unicode character –µ (U+0435)
(inputenc)                not set up for use with LaTeX.

See the inputenc package documentation for explanation.
Type  H <return>  for immediate help.
 ...                                              
                                                  
l.1 ...±—Ä–∞–∑–æ–≤–Ω–∏—è –†–æ—Å—Å–∏–π—Å–∫–æ–π –§–µ
                                                  –¥–µ—Ä–∞—Ü–∏–∏
You may provide a definition with
\DeclareUnicodeCharacter 


! Package inputenc Error: Unicode character –¥ (U+0434)
(inputenc)                not set up for use with LaTeX.

See the inputenc package documentation for explanation.
Type  H <return>  for immediate help.
 ...                                              
                                                  
l.1 ...Ä–∞–∑–æ–≤–Ω–∏—è –†–æ—Å—Å–∏–π—Å–∫–æ–π –§–µ–¥
                                                  –µ—Ä–∞—Ü–∏–∏
You may provide a definition with
\DeclareUnicodeCharacter 


! Package inputenc Error: Unicode character –µ (U+0435)
(inputenc)                not set up for use with LaTeX.

See the inputenc package documentation for explanation.
Type  H <return>  for immediate help.
 ...                                              
                                                  
l.1 ...∞–∑–æ–≤–Ω–∏—è –†–æ—Å—Å–∏–π—Å–∫–æ–π –§–µ–¥–µ
                                                  —Ä–∞—Ü–∏–∏
You may provide a definition with
\DeclareUnicodeCharacter 


! Package inputenc Error: Unicode character —Ä (U+0440)
(inputenc)                not set up for use with LaTeX.

See the inputenc package documentation for explanation.
Type  H <return>  for immediate help.
 ...                                              
                                                  
l.1 ...∑–æ–≤–Ω–∏—è –†–æ—Å—Å–∏–π—Å–∫–æ–π –§–µ–¥–µ—Ä
                                                  –∞—Ü–∏–∏
You may provide a definition with
\DeclareUnicodeCharacter 


! Package inputenc Error: Unicode character –∞ (U+0430)
(inputenc)                not set up for use with LaTeX.

See the inputenc package documentation for explanation.
Type  H <return>  for immediate help.
 ...                                              
                                                  
l.1 ...æ–≤–Ω–∏—è –†–æ—Å—Å–∏–π—Å–∫–æ–π –§–µ–¥–µ—Ä–∞
                                                  —Ü–∏–∏
You may provide a definition with
\DeclareUnicodeCharacter 


! Package inputenc Error: Unicode character —Ü (U+0446)
(inputenc)                not set up for use with LaTeX.

See the inputenc package documentation for explanation.
Type  H <return>  for immediate help.
 ...                                              
                                                  
l.1 ...≤–Ω–∏—è –†–æ—Å—Å–∏–π—Å–∫–æ–π –§–µ–¥–µ—Ä–∞—Ü
                                                  –∏–∏
You may provide a definition with
\DeclareUnicodeCharacter 


! Package inputenc Error: Unicode character –∏ (U+0438)
(inputenc)                not set up for use with LaTeX.

See the inputenc package documentation for explanation.
Type  H <return>  for immediate help.
 ...                                              
                                                  
l.1 ...Ω–∏—è –†–æ—Å—Å–∏–π—Å–∫–æ–π –§–µ–¥–µ—Ä–∞—Ü–∏
                                                  –∏
You may provide a definition with
\DeclareUnicodeCharacter 


! Package inputenc Error: Unicode character –∏ (U+0438)
(inputenc)                not set up for use with LaTeX.

See the inputenc package documentation for explanation.
Type  H <return>  for immediate help.
 ...                                              
                                                  
l.1 ...∏—è –†–æ—Å—Å–∏–π—Å–∫–æ–π –§–µ–¥–µ—Ä–∞—Ü–∏–∏
                                                  
You may provide a definition with
\DeclareUnicodeCharacter 


! Package inputenc Error: Unicode character –§ (U+0424)
(inputenc)                not set up for use with LaTeX.

See the inputenc package documentation for explanation.
Type  H <return>  for immediate help.
 ...                                              
                                                  
l.3 –§
      –µ–¥–µ—Ä–∞–ª—å–Ω–æ–µ –≥–æ—Å—É–¥–∞—Ä—Å—Ç–≤–µ–Ω–Ω–æ–µ –±—é–¥–∂–µ—Ç–Ω–æ–µ...

You may provide a definition with
\DeclareUnicodeCharacter 


! Package inputenc Error: Unicode character –µ (U+0435)
(inputenc)                not set up for use with LaTeX.

See the inputenc package documentation for explanation.
Type  H <return>  for immediate help.
 ...                                              
                                                  
l.3 –§–µ
        –¥–µ—Ä–∞–ª—å–Ω–æ–µ –≥–æ—Å—É–¥–∞—Ä—Å—Ç–≤–µ–Ω–Ω–æ–µ –±—é–¥–∂–µ—Ç–Ω–æ–µ...

You may provide a definition with
\DeclareUnicodeCharacter 


! Package inputenc Error: Unicode character –¥ (U+0434)
(inputenc)                not set up for use with LaTeX.

See the inputenc package documentation for explanation.
Type  H <return>  for immediate help.
 ...                                              
                                                  
l.3 –§–µ–¥
          –µ—Ä–∞–ª—å–Ω–æ–µ –≥–æ—Å—É–¥–∞—Ä—Å—Ç–≤–µ–Ω–Ω–æ–µ –±—é–¥–∂–µ—Ç–Ω–æ–µ...

You may provide a definition with
\DeclareUnicodeCharacter 


! Package inputenc Error: Unicode character –µ (U+0435)
(inputenc)                not set up for use with LaTeX.

See the inputenc package documentation for explanation.
Type  H <return>  for immediate help.
 ...                                              
                                                  
l.3 –§–µ–¥–µ
            —Ä–∞–ª—å–Ω–æ–µ –≥–æ—Å—É–¥–∞—Ä—Å—Ç–≤–µ–Ω–Ω–æ–µ –±—é–¥–∂–µ—Ç–Ω–æ–µ...

You may provide a definition with
\DeclareUnicodeCharacter 


! Package inputenc Error: Unicode character —Ä (U+0440)
(inputenc)                not set up for use with LaTeX.

See the inputenc package documentation for explanation.
Type  H <return>  for immediate help.
 ...                                              
                                                  
l.3 –§–µ–¥–µ—Ä
              –∞–ª—å–Ω–æ–µ –≥–æ—Å—É–¥–∞—Ä—Å—Ç–≤–µ–Ω–Ω–æ–µ –±—é–¥–∂–µ—Ç–Ω–æ–µ...

You may provide a definition with
\DeclareUnicodeCharacter 


! Package inputenc Error: Unicode character –∞ (U+0430)
(inputenc)                not set up for use with LaTeX.

See the inputenc package documentation for explanation.
Type  H <return>  for immediate help.
 ...                                              
                                                  
l.3 –§–µ–¥–µ—Ä–∞
                –ª—å–Ω–æ–µ –≥–æ—Å—É–¥–∞—Ä—Å—Ç–≤–µ–Ω–Ω–æ–µ –±—é–¥–∂–µ—Ç–Ω–æ–µ...

You may provide a definition with
\DeclareUnicodeCharacter 


! Package inputenc Error: Unicode character –ª (U+043B)
(inputenc)                not set up for use with LaTeX.

See the inputenc package documentation for explanation.
Type  H <return>  for immediate help.
 ...                                              
                                                  
l.3 –§–µ–¥–µ—Ä–∞–ª
                  —å–Ω–æ–µ –≥–æ—Å—É–¥–∞—Ä—Å—Ç–≤–µ–Ω–Ω–æ–µ –±—é–¥–∂–µ—Ç–Ω–æ–µ...

You may provide a definition with
\DeclareUnicodeCharacter 


! Package inputenc Error: Unicode character —å (U+044C)
(inputenc)                not set up for use with LaTeX.

See the inputenc package documentation for explanation.
Type  H <return>  for immediate help.
 ...                                              
                                                  
l.3 –§–µ–¥–µ—Ä–∞–ª—å
                    –Ω–æ–µ –≥–æ—Å—É–¥–∞—Ä—Å—Ç–≤–µ–Ω–Ω–æ–µ –±—é–¥–∂–µ—Ç–Ω–æ–µ...

You may provide a definition with
\DeclareUnicodeCharacter 


! Package inputenc Error: Unicode character –Ω (U+043D)
(inputenc)                not set up for use with LaTeX.

See the inputenc package documentation for explanation.
Type  H <return>  for immediate help.
 ...                                              
                                                  
l.3 –§–µ–¥–µ—Ä–∞–ª—å–Ω
                      –æ–µ –≥–æ—Å—É–¥–∞—Ä—Å—Ç–≤–µ–Ω–Ω–æ–µ –±—é–¥–∂–µ—Ç–Ω–æ–µ...

You may provide a definition with
\DeclareUnicodeCharacter 


! Package inputenc Error: Unicode character –æ (U+043E)
(inputenc)                not set up for use with LaTeX.

See the inputenc package documentation for explanation.
Type  H <return>  for immediate help.
 ...                                              
                                                  
l.3 –§–µ–¥–µ—Ä–∞–ª—å–Ω–æ
                        –µ –≥–æ—Å—É–¥–∞—Ä—Å—Ç–≤–µ–Ω–Ω–æ–µ –±—é–¥–∂–µ—Ç–Ω–æ–µ...

You may provide a definition with
\DeclareUnicodeCharacter 


! Package inputenc Error: Unicode character –µ (U+0435)
(inputenc)                not set up for use with LaTeX.

See the inputenc package documentation for explanation.
Type  H <return>  for immediate help.
 ...                                              
                                                  
l.3 –§–µ–¥–µ—Ä–∞–ª—å–Ω–æ–µ
                           –≥–æ—Å—É–¥–∞—Ä—Å—Ç–≤–µ–Ω–Ω–æ–µ –±—é–¥–∂–µ—Ç–Ω–æ–µ...

You may provide a definition with
\DeclareUnicodeCharacter 


! Package inputenc Error: Unicode character –≥ (U+0433)
(inputenc)                not set up for use with LaTeX.

See the inputenc package documentation for explanation.
Type  H <return>  for immediate help.
 ...                                              
                                                  
l.3 –§–µ–¥–µ—Ä–∞–ª—å–Ω–æ–µ –≥
                             –æ—Å—É–¥–∞—Ä—Å—Ç–≤–µ–Ω–Ω–æ–µ –±—é–¥–∂–µ—Ç–Ω–æ–µ...

You may provide a definition with
\DeclareUnicodeCharacter 


! Package inputenc Error: Unicode character –æ (U+043E)
(inputenc)                not set up for use with LaTeX.

See the inputenc package documentation for explanation.
Type  H <return>  for immediate help.
 ...                                              
                                                  
l.3 –§–µ–¥–µ—Ä–∞–ª—å–Ω–æ–µ –≥–æ
                               —Å—É–¥–∞—Ä—Å—Ç–≤–µ–Ω–Ω–æ–µ –±—é–¥–∂–µ—Ç–Ω–æ–µ...

You may provide a definition with
\DeclareUnicodeCharacter 


! Package inputenc Error: Unicode character —Å (U+0441)
(inputenc)                not set up for use with LaTeX.

See the inputenc package documentation for explanation.
Type  H <return>  for immediate help.
 ...                                              
                                                  
l.3 –§–µ–¥–µ—Ä–∞–ª—å–Ω–æ–µ –≥–æ—Å
                                 —É–¥–∞—Ä—Å—Ç–≤–µ–Ω–Ω–æ–µ –±—é–¥–∂–µ—Ç–Ω–æ–µ...

You may provide a definition with
\DeclareUnicodeCharacter 


! Package inputenc Error: Unicode character —É (U+0443)
(inputenc)                not set up for use with LaTeX.

See the inputenc package documentation for explanation.
Type  H <return>  for immediate help.
 ...                                              
                                                  
l.3 –§–µ–¥–µ—Ä–∞–ª—å–Ω–æ–µ –≥–æ—Å—É
                                   –¥–∞—Ä—Å—Ç–≤–µ–Ω–Ω–æ–µ –±—é–¥–∂–µ—Ç–Ω–æ–µ...

You may provide a definition with
\DeclareUnicodeCharacter 


! Package inputenc Error: Unicode character –¥ (U+0434)
(inputenc)                not set up for use with LaTeX.

See the inputenc package documentation for explanation.
Type  H <return>  for immediate help.
 ...                                              
                                                  
l.3 –§–µ–¥–µ—Ä–∞–ª—å–Ω–æ–µ –≥–æ—Å—É–¥
                                     –∞—Ä—Å—Ç–≤–µ–Ω–Ω–æ–µ –±—é–¥–∂–µ—Ç–Ω–æ–µ...

You may provide a definition with
\DeclareUnicodeCharacter 


! Package inputenc Error: Unicode character –∞ (U+0430)
(inputenc)                not set up for use with LaTeX.

See the inputenc package documentation for explanation.
Type  H <return>  for immediate help.
 ...                                              
                                                  
l.3 –§–µ–¥–µ—Ä–∞–ª—å–Ω–æ–µ –≥–æ—Å—É–¥–∞
                                       —Ä—Å—Ç–≤–µ–Ω–Ω–æ–µ –±—é–¥–∂–µ—Ç–Ω–æ–µ...

You may provide a definition with
\DeclareUnicodeCharacter 


! Package inputenc Error: Unicode character —Ä (U+0440)
(inputenc)                not set up for use with LaTeX.

See the inputenc package documentation for explanation.
Type  H <return>  for immediate help.
 ...                                              
                                                  
l.3 –§–µ–¥–µ—Ä–∞–ª—å–Ω–æ–µ –≥–æ—Å—É–¥–∞—Ä
                                         —Å—Ç–≤–µ–Ω–Ω–æ–µ –±—é–¥–∂–µ—Ç–Ω–æ–µ...

You may provide a definition with
\DeclareUnicodeCharacter 


! Package inputenc Error: Unicode character —Å (U+0441)
(inputenc)                not set up for use with LaTeX.

See the inputenc package documentation for explanation.
Type  H <return>  for immediate help.
 ...                                              
                                                  
l.3 –§–µ–¥–µ—Ä–∞–ª—å–Ω–æ–µ –≥–æ—Å—É–¥–∞—Ä—Å
                                           —Ç–≤–µ–Ω–Ω–æ–µ –±—é–¥–∂–µ—Ç–Ω–æ–µ...

You may provide a definition with
\DeclareUnicodeCharacter 


! Package inputenc Error: Unicode character —Ç (U+0442)
(inputenc)                not set up for use with LaTeX.

See the inputenc package documentation for explanation.
Type  H <return>  for immediate help.
 ...                                              
                                                  
l.3 –§–µ–¥–µ—Ä–∞–ª—å–Ω–æ–µ –≥–æ—Å—É–¥–∞—Ä—Å—Ç
                                             –≤–µ–Ω–Ω–æ–µ –±—é–¥–∂–µ—Ç–Ω–æ–µ...

You may provide a definition with
\DeclareUnicodeCharacter 


! Package inputenc Error: Unicode character –≤ (U+0432)
(inputenc)                not set up for use with LaTeX.

See the inputenc package documentation for explanation.
Type  H <return>  for immediate help.
 ...                                              
                                                  
l.3 –§–µ–¥–µ—Ä–∞–ª—å–Ω–æ–µ –≥–æ—Å—É–¥–∞—Ä—Å—Ç–≤
                                               –µ–Ω–Ω–æ–µ –±—é–¥–∂–µ—Ç–Ω–æ–µ...

You may provide a definition with
\DeclareUnicodeCharacter 


! Package inputenc Error: Unicode character –µ (U+0435)
(inputenc)                not set up for use with LaTeX.

See the inputenc package documentation for explanation.
Type  H <return>  for immediate help.
 ...                                              
                                                  
l.3 –§–µ–¥–µ—Ä–∞–ª—å–Ω–æ–µ –≥–æ—Å—É–¥–∞—Ä—Å—Ç–≤–µ
                                                 –Ω–Ω–æ–µ –±—é–¥–∂–µ—Ç–Ω–æ–µ...

You may provide a definition with
\DeclareUnicodeCharacter 


! Package inputenc Error: Unicode character –Ω (U+043D)
(inputenc)                not set up for use with LaTeX.

See the inputenc package documentation for explanation.
Type  H <return>  for immediate help.
 ...                                              
                                                  
l.3 ...–¥–µ—Ä–∞–ª—å–Ω–æ–µ –≥–æ—Å—É–¥–∞—Ä—Å—Ç–≤–µ–Ω
                                                  –Ω–æ–µ –±—é–¥–∂–µ—Ç–Ω–æ–µ ...

You may provide a definition with
\DeclareUnicodeCharacter 


! Package inputenc Error: Unicode character –Ω (U+043D)
(inputenc)                not set up for use with LaTeX.

See the inputenc package documentation for explanation.
Type  H <return>  for immediate help.
 ...                                              
                                                  
l.3 ...–µ—Ä–∞–ª—å–Ω–æ–µ –≥–æ—Å—É–¥–∞—Ä—Å—Ç–≤–µ–Ω–Ω
                                                  –æ–µ –±—é–¥–∂–µ—Ç–Ω–æ–µ –æ...

You may provide a definition with
\DeclareUnicodeCharacter 


! Package inputenc Error: Unicode character –æ (U+043E)
(inputenc)                not set up for use with LaTeX.

See the inputenc package documentation for explanation.
Type  H <return>  for immediate help.
 ...                                              
                                                  
l.3 ...—Ä–∞–ª—å–Ω–æ–µ –≥–æ—Å—É–¥–∞—Ä—Å—Ç–≤–µ–Ω–Ω–æ
                                                  –µ –±—é–¥–∂–µ—Ç–Ω–æ–µ –æ–±...

You may provide a definition with
\DeclareUnicodeCharacter 


! Package inputenc Error: Unicode character –µ (U+0435)
(inputenc)                not set up for use with LaTeX.

See the inputenc package documentation for explanation.
Type  H <return>  for immediate help.
 ...                                              
                                                  
l.3 ...–∞–ª—å–Ω–æ–µ –≥–æ—Å—É–¥–∞—Ä—Å—Ç–≤–µ–Ω–Ω–æ–µ
                                                   –±—é–¥–∂–µ—Ç–Ω–æ–µ –æ–±—Ä...

You may provide a definition with
\DeclareUnicodeCharacter 


! Package inputenc Error: Unicode character –± (U+0431)
(inputenc)                not set up for use with LaTeX.

See the inputenc package documentation for explanation.
Type  H <return>  for immediate help.
 ...                                              
                                                  
l.3 ...ª—å–Ω–æ–µ –≥–æ—Å—É–¥–∞—Ä—Å—Ç–≤–µ–Ω–Ω–æ–µ –±
                                                  —é–¥–∂–µ—Ç–Ω–æ–µ –æ–±—Ä–∞–...

You may provide a definition with
\DeclareUnicodeCharacter 


! Package inputenc Error: Unicode character —é (U+044E)
(inputenc)                not set up for use with LaTeX.

See the inputenc package documentation for explanation.
Type  H <return>  for immediate help.
 ...                                              
                                                  
l.3 ...å–Ω–æ–µ –≥–æ—Å—É–¥–∞—Ä—Å—Ç–≤–µ–Ω–Ω–æ–µ –±—é
                                                  –¥–∂–µ—Ç–Ω–æ–µ –æ–±—Ä–∞–∑–...

You may provide a definition with
\DeclareUnicodeCharacter 


! Package inputenc Error: Unicode character –¥ (U+0434)
(inputenc)                not set up for use with LaTeX.

See the inputenc package documentation for explanation.
Type  H <return>  for immediate help.
 ...                                              
                                                  
l.3 ...Ω–æ–µ –≥–æ—Å—É–¥–∞—Ä—Å—Ç–≤–µ–Ω–Ω–æ–µ –±—é–¥
                                                  –∂–µ—Ç–Ω–æ–µ –æ–±—Ä–∞–∑–æ–...

You may provide a definition with
\DeclareUnicodeCharacter 


! Package inputenc Error: Unicode character –∂ (U+0436)
(inputenc)                not set up for use with LaTeX.

See the inputenc package documentation for explanation.
Type  H <return>  for immediate help.
 ...                                              
                                                  
l.3 ...æ–µ –≥–æ—Å—É–¥–∞—Ä—Å—Ç–≤–µ–Ω–Ω–æ–µ –±—é–¥–∂
                                                  –µ—Ç–Ω–æ–µ –æ–±—Ä–∞–∑–æ–≤–...

You may provide a definition with
\DeclareUnicodeCharacter 


! Package inputenc Error: Unicode character –µ (U+0435)
(inputenc)                not set up for use with LaTeX.

See the inputenc package documentation for explanation.
Type  H <return>  for immediate help.
 ...                                              
                                                  
l.3 ...µ –≥–æ—Å—É–¥–∞—Ä—Å—Ç–≤–µ–Ω–Ω–æ–µ –±—é–¥–∂–µ
                                                  —Ç–Ω–æ–µ –æ–±—Ä–∞–∑–æ–≤–∞—...

You may provide a definition with
\DeclareUnicodeCharacter 


! Package inputenc Error: Unicode character —Ç (U+0442)
(inputenc)                not set up for use with LaTeX.

See the inputenc package documentation for explanation.
Type  H <return>  for immediate help.
 ...                                              
                                                  
l.3 ...–≥–æ—Å—É–¥–∞—Ä—Å—Ç–≤–µ–Ω–Ω–æ–µ –±—é–¥–∂–µ—Ç
                                                  –Ω–æ–µ –æ–±—Ä–∞–∑–æ–≤–∞—Ç–...

You may provide a definition with
\DeclareUnicodeCharacter 


! Package inputenc Error: Unicode character –Ω (U+043D)
(inputenc)                not set up for use with LaTeX.

See the inputenc package documentation for explanation.
Type  H <return>  for immediate help.
 ...                                              
                                                  
l.3 ...–æ—Å—É–¥–∞—Ä—Å—Ç–≤–µ–Ω–Ω–æ–µ –±—é–¥–∂–µ—Ç–Ω
                                                  –æ–µ –æ–±—Ä–∞–∑–æ–≤–∞—Ç–µ–...

You may provide a definition with
\DeclareUnicodeCharacter 


! Package inputenc Error: Unicode character –æ (U+043E)
(inputenc)                not set up for use with LaTeX.

See the inputenc package documentation for explanation.
Type  H <return>  for immediate help.
 ...                                              
                                                  
l.3 ...—Å—É–¥–∞—Ä—Å—Ç–≤–µ–Ω–Ω–æ–µ –±—é–¥–∂–µ—Ç–Ω–æ
                                                  –µ –æ–±—Ä–∞–∑–æ–≤–∞—Ç–µ–ª—...

You may provide a definition with
\DeclareUnicodeCharacter 


! Package inputenc Error: Unicode character –µ (U+0435)
(inputenc)                not set up for use with LaTeX.

See the inputenc package documentation for explanation.
Type  H <return>  for immediate help.
 ...                                              
                                                  
l.3 ...—É–¥–∞—Ä—Å—Ç–≤–µ–Ω–Ω–æ–µ –±—é–¥–∂–µ—Ç–Ω–æ–µ
                                                   –æ–±—Ä–∞–∑–æ–≤–∞—Ç–µ–ª—å–...

You may provide a definition with
\DeclareUnicodeCharacter 


! Package inputenc Error: Unicode character –æ (U+043E)
(inputenc)                not set up for use with LaTeX.

See the inputenc package documentation for explanation.
Type  H <return>  for immediate help.
 ...                                              
                                                  
l.3 ...¥–∞—Ä—Å—Ç–≤–µ–Ω–Ω–æ–µ –±—é–¥–∂–µ—Ç–Ω–æ–µ –æ
                                                  –±—Ä–∞–∑–æ–≤–∞—Ç–µ–ª—å–Ω–æ...

You may provide a definition with
\DeclareUnicodeCharacter 


! Package inputenc Error: Unicode character –± (U+0431)
(inputenc)                not set up for use with LaTeX.

See the inputenc package documentation for explanation.
Type  H <return>  for immediate help.
 ...                                              
                                                  
l.3 ...∞—Ä—Å—Ç–≤–µ–Ω–Ω–æ–µ –±—é–¥–∂–µ—Ç–Ω–æ–µ –æ–±
                                                  —Ä–∞–∑–æ–≤–∞—Ç–µ–ª—å–Ω–æ–µ...

You may provide a definition with
\DeclareUnicodeCharacter 


! Package inputenc Error: Unicode character —Ä (U+0440)
(inputenc)                not set up for use with LaTeX.

See the inputenc package documentation for explanation.
Type  H <return>  for immediate help.
 ...                                              
                                                  
l.3 ...Ä—Å—Ç–≤–µ–Ω–Ω–æ–µ –±—é–¥–∂–µ—Ç–Ω–æ–µ –æ–±—Ä
                                                  –∞–∑–æ–≤–∞—Ç–µ–ª—å–Ω–æ–µ —...

You may provide a definition with
\DeclareUnicodeCharacter 


! Package inputenc Error: Unicode character –∞ (U+0430)
(inputenc)                not set up for use with LaTeX.

See the inputenc package documentation for explanation.
Type  H <return>  for immediate help.
 ...                                              
                                                  
l.3 ...Å—Ç–≤–µ–Ω–Ω–æ–µ –±—é–¥–∂–µ—Ç–Ω–æ–µ –æ–±—Ä–∞
                                                  –∑–æ–≤–∞—Ç–µ–ª—å–Ω–æ–µ —É—...

You may provide a definition with
\DeclareUnicodeCharacter 


! Package inputenc Error: Unicode character –∑ (U+0437)
(inputenc)                not set up for use with LaTeX.

See the inputenc package documentation for explanation.
Type  H <return>  for immediate help.
 ...                                              
                                                  
l.3 ...Ç–≤–µ–Ω–Ω–æ–µ –±—é–¥–∂–µ—Ç–Ω–æ–µ –æ–±—Ä–∞–∑
                                                  –æ–≤–∞—Ç–µ–ª—å–Ω–æ–µ —É—á—...

You may provide a definition with
\DeclareUnicodeCharacter 


! Package inputenc Error: Unicode character –æ (U+043E)
(inputenc)                not set up for use with LaTeX.

See the inputenc package documentation for explanation.
Type  H <return>  for immediate help.
 ...                                              
                                                  
l.3 ...≤–µ–Ω–Ω–æ–µ –±—é–¥–∂–µ—Ç–Ω–æ–µ –æ–±—Ä–∞–∑–æ
                                                  –≤–∞—Ç–µ–ª—å–Ω–æ–µ —É—á—Ä–...

You may provide a definition with
\DeclareUnicodeCharacter 


! Package inputenc Error: Unicode character –≤ (U+0432)
(inputenc)                not set up for use with LaTeX.

See the inputenc package documentation for explanation.
Type  H <return>  for immediate help.
 ...                                              
                                                  
l.3 ...µ–Ω–Ω–æ–µ –±—é–¥–∂–µ—Ç–Ω–æ–µ –æ–±—Ä–∞–∑–æ–≤
                                                  –∞—Ç–µ–ª—å–Ω–æ–µ —É—á—Ä–µ–...

You may provide a definition with
\DeclareUnicodeCharacter 


! Package inputenc Error: Unicode character –∞ (U+0430)
(inputenc)                not set up for use with LaTeX.

See the inputenc package documentation for explanation.
Type  H <return>  for immediate help.
 ...                                              
                                                  
l.3 ...Ω–Ω–æ–µ –±—é–¥–∂–µ—Ç–Ω–æ–µ –æ–±—Ä–∞–∑–æ–≤–∞
                                                  —Ç–µ–ª—å–Ω–æ–µ —É—á—Ä–µ–∂–...

You may provide a definition with
\DeclareUnicodeCharacter 


! Package inputenc Error: Unicode character —Ç (U+0442)
(inputenc)                not set up for use with LaTeX.

See the inputenc package documentation for explanation.
Type  H <return>  for immediate help.
 ...                                              
                                                  
l.3 ...Ω–æ–µ –±—é–¥–∂–µ—Ç–Ω–æ–µ –æ–±—Ä–∞–∑–æ–≤–∞—Ç
                                                  –µ–ª—å–Ω–æ–µ —É—á—Ä–µ–∂–¥–...

You may provide a definition with
\DeclareUnicodeCharacter 


! Package inputenc Error: Unicode character –µ (U+0435)
(inputenc)                not set up for use with LaTeX.

See the inputenc package documentation for explanation.
Type  H <return>  for immediate help.
 ...                                              
                                                  
l.3 ...æ–µ –±—é–¥–∂–µ—Ç–Ω–æ–µ –æ–±—Ä–∞–∑–æ–≤–∞—Ç–µ
                                                  –ª—å–Ω–æ–µ —É—á—Ä–µ–∂–¥–µ–...

You may provide a definition with
\DeclareUnicodeCharacter 


! Package inputenc Error: Unicode character –ª (U+043B)
(inputenc)                not set up for use with LaTeX.

See the inputenc package documentation for explanation.
Type  H <return>  for immediate help.
 ...                                              
                                                  
l.3 ...µ –±—é–¥–∂–µ—Ç–Ω–æ–µ –æ–±—Ä–∞–∑–æ–≤–∞—Ç–µ–ª
                                                  —å–Ω–æ–µ —É—á—Ä–µ–∂–¥–µ–Ω–∏–µ
(That makes 100 errors; please try again.) 
Here is how much of TeX's memory you used:
 45 strings out of 480790
 817 string characters out of 2911284
 238890 words of memory out of 3000000
 16157 multiletter control sequences out of 15000+200000
 532338 words of font info for 24 fonts, out of 3000000 for 9000
 1141 hyphenation exceptions out of 8191
 12i,0n,15p,168b,14s stack positions out of 5000i,500n,10000p,200000b,50000s

!  ==> Fatal error occurred, no output PDF file produced!
