This is pdfTeX, Version 3.14159265-2.6-1.40.21 (MiKTeX 20.6.29) (preloaded format=pdflatex 2020.9.16)  15 JAN 2021 14:17
entering extended mode
**./title.tex
(title.tex
LaTeX2e <2020-02-02> patch level 5
L3 programming layer <2020-06-18>

! Package inputenc Error: Unicode character –† (U+0420)
(inputenc)                not set up for use with LaTeX.

See the inputenc package documentation for explanation.
Type  H <return>  for immediate help.
 ...                                              
                                                  
l.1 \centering –†
                 –µ—Ñ–µ—Ä–∞—Ç
You may provide a definition with
\DeclareUnicodeCharacter 


! Package inputenc Error: Unicode character –µ (U+0435)
(inputenc)                not set up for use with LaTeX.

See the inputenc package documentation for explanation.
Type  H <return>  for immediate help.
 ...                                              
                                                  
l.1 \centering –†–µ
                   —Ñ–µ—Ä–∞—Ç
You may provide a definition with
\DeclareUnicodeCharacter 


! Package inputenc Error: Unicode character —Ñ (U+0444)
(inputenc)                not set up for use with LaTeX.

See the inputenc package documentation for explanation.
Type  H <return>  for immediate help.
 ...                                              
                                                  
l.1 \centering –†–µ—Ñ
                     –µ—Ä–∞—Ç
You may provide a definition with
\DeclareUnicodeCharacter 


! Package inputenc Error: Unicode character –µ (U+0435)
(inputenc)                not set up for use with LaTeX.

See the inputenc package documentation for explanation.
Type  H <return>  for immediate help.
 ...                                              
                                                  
l.1 \centering –†–µ—Ñ–µ
                       —Ä–∞—Ç
You may provide a definition with
\DeclareUnicodeCharacter 


! Package inputenc Error: Unicode character —Ä (U+0440)
(inputenc)                not set up for use with LaTeX.

See the inputenc package documentation for explanation.
Type  H <return>  for immediate help.
 ...                                              
                                                  
l.1 \centering –†–µ—Ñ–µ—Ä
                         –∞—Ç
You may provide a definition with
\DeclareUnicodeCharacter 


! Package inputenc Error: Unicode character –∞ (U+0430)
(inputenc)                not set up for use with LaTeX.

See the inputenc package documentation for explanation.
Type  H <return>  for immediate help.
 ...                                              
                                                  
l.1 \centering –†–µ—Ñ–µ—Ä–∞
                           —Ç
You may provide a definition with
\DeclareUnicodeCharacter 


! Package inputenc Error: Unicode character —Ç (U+0442)
(inputenc)                not set up for use with LaTeX.

See the inputenc package documentation for explanation.
Type  H <return>  for immediate help.
 ...                                              
                                                  
l.1 \centering –†–µ—Ñ–µ—Ä–∞—Ç
                             
You may provide a definition with
\DeclareUnicodeCharacter 


! Package inputenc Error: Unicode character –ü (U+041F)
(inputenc)                not set up for use with LaTeX.

See the inputenc package documentation for explanation.
Type  H <return>  for immediate help.
 ...                                              
                                                  
l.4 \centering –ü
                 –æ –ø—Ä–µ–¥–º–µ—Ç—É "–ö–æ–º–ø—å—é—Ç–µ—Ä–Ω—ã–µ —Å–µ—Ç–∏" \ne...

You may provide a definition with
\DeclareUnicodeCharacter 


! Package inputenc Error: Unicode character –æ (U+043E)
(inputenc)                not set up for use with LaTeX.

See the inputenc package documentation for explanation.
Type  H <return>  for immediate help.
 ...                                              
                                                  
l.4 \centering –ü–æ
                    –ø—Ä–µ–¥–º–µ—Ç—É "–ö–æ–º–ø—å—é—Ç–µ—Ä–Ω—ã–µ —Å–µ—Ç–∏" \ne...

You may provide a definition with
\DeclareUnicodeCharacter 


! Package inputenc Error: Unicode character –ø (U+043F)
(inputenc)                not set up for use with LaTeX.

See the inputenc package documentation for explanation.
Type  H <return>  for immediate help.
 ...                                              
                                                  
l.4 \centering –ü–æ –ø
                      —Ä–µ–¥–º–µ—Ç—É "–ö–æ–º–ø—å—é—Ç–µ—Ä–Ω—ã–µ —Å–µ—Ç–∏" \ne...

You may provide a definition with
\DeclareUnicodeCharacter 


! Package inputenc Error: Unicode character —Ä (U+0440)
(inputenc)                not set up for use with LaTeX.

See the inputenc package documentation for explanation.
Type  H <return>  for immediate help.
 ...                                              
                                                  
l.4 \centering –ü–æ –ø—Ä
                        –µ–¥–º–µ—Ç—É "–ö–æ–º–ø—å—é—Ç–µ—Ä–Ω—ã–µ —Å–µ—Ç–∏" \ne...

You may provide a definition with
\DeclareUnicodeCharacter 


! Package inputenc Error: Unicode character –µ (U+0435)
(inputenc)                not set up for use with LaTeX.

See the inputenc package documentation for explanation.
Type  H <return>  for immediate help.
 ...                                              
                                                  
l.4 \centering –ü–æ –ø—Ä–µ
                          –¥–º–µ—Ç—É "–ö–æ–º–ø—å—é—Ç–µ—Ä–Ω—ã–µ —Å–µ—Ç–∏" \ne...

You may provide a definition with
\DeclareUnicodeCharacter 


! Package inputenc Error: Unicode character –¥ (U+0434)
(inputenc)                not set up for use with LaTeX.

See the inputenc package documentation for explanation.
Type  H <return>  for immediate help.
 ...                                              
                                                  
l.4 \centering –ü–æ –ø—Ä–µ–¥
                            –º–µ—Ç—É "–ö–æ–º–ø—å—é—Ç–µ—Ä–Ω—ã–µ —Å–µ—Ç–∏" \ne...

You may provide a definition with
\DeclareUnicodeCharacter 


! Package inputenc Error: Unicode character –º (U+043C)
(inputenc)                not set up for use with LaTeX.

See the inputenc package documentation for explanation.
Type  H <return>  for immediate help.
 ...                                              
                                                  
l.4 \centering –ü–æ –ø—Ä–µ–¥–º
                              –µ—Ç—É "–ö–æ–º–ø—å—é—Ç–µ—Ä–Ω—ã–µ —Å–µ—Ç–∏" \ne...

You may provide a definition with
\DeclareUnicodeCharacter 


! Package inputenc Error: Unicode character –µ (U+0435)
(inputenc)                not set up for use with LaTeX.

See the inputenc package documentation for explanation.
Type  H <return>  for immediate help.
 ...                                              
                                                  
l.4 \centering –ü–æ –ø—Ä–µ–¥–º–µ
                                —Ç—É "–ö–æ–º–ø—å—é—Ç–µ—Ä–Ω—ã–µ —Å–µ—Ç–∏" \ne...

You may provide a definition with
\DeclareUnicodeCharacter 


! Package inputenc Error: Unicode character —Ç (U+0442)
(inputenc)                not set up for use with LaTeX.

See the inputenc package documentation for explanation.
Type  H <return>  for immediate help.
 ...                                              
                                                  
l.4 \centering –ü–æ –ø—Ä–µ–¥–º–µ—Ç
                                  —É "–ö–æ–º–ø—å—é—Ç–µ—Ä–Ω—ã–µ —Å–µ—Ç–∏" \ne...

You may provide a definition with
\DeclareUnicodeCharacter 


! Package inputenc Error: Unicode character —É (U+0443)
(inputenc)                not set up for use with LaTeX.

See the inputenc package documentation for explanation.
Type  H <return>  for immediate help.
 ...                                              
                                                  
l.4 \centering –ü–æ –ø—Ä–µ–¥–º–µ—Ç—É
                                     "–ö–æ–º–ø—å—é—Ç–µ—Ä–Ω—ã–µ —Å–µ—Ç–∏" \ne...

You may provide a definition with
\DeclareUnicodeCharacter 


! LaTeX Error: Missing \begin{document}.

See the LaTeX manual or LaTeX Companion for explanation.
Type  H <return>  for immediate help.
 ...                                              
                                                  
l.4 \centering –ü–æ –ø—Ä–µ–¥–º–µ—Ç—É "
                                      –ö–æ–º–ø—å—é—Ç–µ—Ä–Ω—ã–µ —Å–µ—Ç–∏" \ne...

You're in trouble here.  Try typing  <return>  to proceed.
If that doesn't work, type  X <return>  to quit.

Missing character: There is no " in font nullfont!

! Package inputenc Error: Unicode character –ö (U+041A)
(inputenc)                not set up for use with LaTeX.

See the inputenc package documentation for explanation.
Type  H <return>  for immediate help.
 ...                                              
                                                  
l.4 \centering –ü–æ –ø—Ä–µ–¥–º–µ—Ç—É "–ö
                                        –æ–º–ø—å—é—Ç–µ—Ä–Ω—ã–µ —Å–µ—Ç–∏" \ne...

You may provide a definition with
\DeclareUnicodeCharacter 


! Package inputenc Error: Unicode character –æ (U+043E)
(inputenc)                not set up for use with LaTeX.

See the inputenc package documentation for explanation.
Type  H <return>  for immediate help.
 ...                                              
                                                  
l.4 \centering –ü–æ –ø—Ä–µ–¥–º–µ—Ç—É "–ö–æ
                                          –º–ø—å—é—Ç–µ—Ä–Ω—ã–µ —Å–µ—Ç–∏" \ne...

You may provide a definition with
\DeclareUnicodeCharacter 


! Package inputenc Error: Unicode character –º (U+043C)
(inputenc)                not set up for use with LaTeX.

See the inputenc package documentation for explanation.
Type  H <return>  for immediate help.
 ...                                              
                                                  
l.4 \centering –ü–æ –ø—Ä–µ–¥–º–µ—Ç—É "–ö–æ–º
                                            –ø—å—é—Ç–µ—Ä–Ω—ã–µ —Å–µ—Ç–∏" \ne...

You may provide a definition with
\DeclareUnicodeCharacter 


! Package inputenc Error: Unicode character –ø (U+043F)
(inputenc)                not set up for use with LaTeX.

See the inputenc package documentation for explanation.
Type  H <return>  for immediate help.
 ...                                              
                                                  
l.4 \centering –ü–æ –ø—Ä–µ–¥–º–µ—Ç—É "–ö–æ–º–ø
                                              —å—é—Ç–µ—Ä–Ω—ã–µ —Å–µ—Ç–∏" \ne...

You may provide a definition with
\DeclareUnicodeCharacter 


! Package inputenc Error: Unicode character —å (U+044C)
(inputenc)                not set up for use with LaTeX.

See the inputenc package documentation for explanation.
Type  H <return>  for immediate help.
 ...                                              
                                                  
l.4 \centering –ü–æ –ø—Ä–µ–¥–º–µ—Ç—É "–ö–æ–º–ø—å
                                                —é—Ç–µ—Ä–Ω—ã–µ —Å–µ—Ç–∏" \ne...

You may provide a definition with
\DeclareUnicodeCharacter 


! Package inputenc Error: Unicode character —é (U+044E)
(inputenc)                not set up for use with LaTeX.

See the inputenc package documentation for explanation.
Type  H <return>  for immediate help.
 ...                                              
                                                  
l.4 \centering –ü–æ –ø—Ä–µ–¥–º–µ—Ç—É "–ö–æ–º–ø—å—é
                                                  —Ç–µ—Ä–Ω—ã–µ —Å–µ—Ç–∏" \ne...

You may provide a definition with
\DeclareUnicodeCharacter 


! Package inputenc Error: Unicode character —Ç (U+0442)
(inputenc)                not set up for use with LaTeX.

See the inputenc package documentation for explanation.
Type  H <return>  for immediate help.
 ...                                              
                                                  
l.4 ...ering –ü–æ –ø—Ä–µ–¥–º–µ—Ç—É "–ö–æ–º–ø—å—é—Ç
                                                  –µ—Ä–Ω—ã–µ —Å–µ—Ç–∏" \newline

You may provide a definition with
\DeclareUnicodeCharacter 


! Package inputenc Error: Unicode character –µ (U+0435)
(inputenc)                not set up for use with LaTeX.

See the inputenc package documentation for explanation.
Type  H <return>  for immediate help.
 ...                                              
                                                  
l.4 ...ing –ü–æ –ø—Ä–µ–¥–º–µ—Ç—É "–ö–æ–º–ø—å—é—Ç–µ
                                                  —Ä–Ω—ã–µ —Å–µ—Ç–∏" \newline
You may provide a definition with
\DeclareUnicodeCharacter 


! Package inputenc Error: Unicode character —Ä (U+0440)
(inputenc)                not set up for use with LaTeX.

See the inputenc package documentation for explanation.
Type  H <return>  for immediate help.
 ...                                              
                                                  
l.4 ...g –ü–æ –ø—Ä–µ–¥–º–µ—Ç—É "–ö–æ–º–ø—å—é—Ç–µ—Ä
                                                  –Ω—ã–µ —Å–µ—Ç–∏" \newline
You may provide a definition with
\DeclareUnicodeCharacter 


! Package inputenc Error: Unicode character –Ω (U+043D)
(inputenc)                not set up for use with LaTeX.

See the inputenc package documentation for explanation.
Type  H <return>  for immediate help.
 ...                                              
                                                  
l.4 ...–ü–æ –ø—Ä–µ–¥–º–µ—Ç—É "–ö–æ–º–ø—å—é—Ç–µ—Ä–Ω
                                                  —ã–µ —Å–µ—Ç–∏" \newline
You may provide a definition with
\DeclareUnicodeCharacter 


! Package inputenc Error: Unicode character —ã (U+044B)
(inputenc)                not set up for use with LaTeX.

See the inputenc package documentation for explanation.
Type  H <return>  for immediate help.
 ...                                              
                                                  
l.4 ...–æ –ø—Ä–µ–¥–º–µ—Ç—É "–ö–æ–º–ø—å—é—Ç–µ—Ä–Ω—ã
                                                  –µ —Å–µ—Ç–∏" \newline
You may provide a definition with
\DeclareUnicodeCharacter 


! Package inputenc Error: Unicode character –µ (U+0435)
(inputenc)                not set up for use with LaTeX.

See the inputenc package documentation for explanation.
Type  H <return>  for immediate help.
 ...                                              
                                                  
l.4 ... –ø—Ä–µ–¥–º–µ—Ç—É "–ö–æ–º–ø—å—é—Ç–µ—Ä–Ω—ã–µ
                                                   —Å–µ—Ç–∏" \newline
You may provide a definition with
\DeclareUnicodeCharacter 


! Package inputenc Error: Unicode character —Å (U+0441)
(inputenc)                not set up for use with LaTeX.

See the inputenc package documentation for explanation.
Type  H <return>  for immediate help.
 ...                                              
                                                  
l.4 ...—Ä–µ–¥–º–µ—Ç—É "–ö–æ–º–ø—å—é—Ç–µ—Ä–Ω—ã–µ —Å
                                                  –µ—Ç–∏" \newline
You may provide a definition with
\DeclareUnicodeCharacter 


! Package inputenc Error: Unicode character –µ (U+0435)
(inputenc)                not set up for use with LaTeX.

See the inputenc package documentation for explanation.
Type  H <return>  for immediate help.
 ...                                              
                                                  
l.4 ...–µ–¥–º–µ—Ç—É "–ö–æ–º–ø—å—é—Ç–µ—Ä–Ω—ã–µ —Å–µ
                                                  —Ç–∏" \newline
You may provide a definition with
\DeclareUnicodeCharacter 


! Package inputenc Error: Unicode character —Ç (U+0442)
(inputenc)                not set up for use with LaTeX.

See the inputenc package documentation for explanation.
Type  H <return>  for immediate help.
 ...                                              
                                                  
l.4 ...–¥–º–µ—Ç—É "–ö–æ–º–ø—å—é—Ç–µ—Ä–Ω—ã–µ —Å–µ—Ç
                                                  –∏" \newline
You may provide a definition with
\DeclareUnicodeCharacter 


! Package inputenc Error: Unicode character –∏ (U+0438)
(inputenc)                not set up for use with LaTeX.

See the inputenc package documentation for explanation.
Type  H <return>  for immediate help.
 ...                                              
                                                  
l.4 ...–º–µ—Ç—É "–ö–æ–º–ø—å—é—Ç–µ—Ä–Ω—ã–µ —Å–µ—Ç–∏
                                                  " \newline
You may provide a definition with
\DeclareUnicodeCharacter 

Missing character: There is no " in font nullfont!

! Package inputenc Error: Unicode character –ù (U+041D)
(inputenc)                not set up for use with LaTeX.

See the inputenc package documentation for explanation.
Type  H <return>  for immediate help.
 ...                                              
                                                  
l.5 \centering –ù
                 –∞ —Ç–µ–º—É: "–î–∂–µ–Ω—Ç–µ–ª—å–º–µ–Ω—Å–∫–∏–π –Ω–∞–±–æ—Ä –∑–...

You may provide a definition with
\DeclareUnicodeCharacter 


! Package inputenc Error: Unicode character –∞ (U+0430)
(inputenc)                not set up for use with LaTeX.

See the inputenc package documentation for explanation.
Type  H <return>  for immediate help.
 ...                                              
                                                  
l.5 \centering –ù–∞
                    —Ç–µ–º—É: "–î–∂–µ–Ω—Ç–µ–ª—å–º–µ–Ω—Å–∫–∏–π –Ω–∞–±–æ—Ä –∑–...

You may provide a definition with
\DeclareUnicodeCharacter 


! Package inputenc Error: Unicode character —Ç (U+0442)
(inputenc)                not set up for use with LaTeX.

See the inputenc package documentation for explanation.
Type  H <return>  for immediate help.
 ...                                              
                                                  
l.5 \centering –ù–∞ —Ç
                      –µ–º—É: "–î–∂–µ–Ω—Ç–µ–ª—å–º–µ–Ω—Å–∫–∏–π –Ω–∞–±–æ—Ä –∑–...

You may provide a definition with
\DeclareUnicodeCharacter 


! Package inputenc Error: Unicode character –µ (U+0435)
(inputenc)                not set up for use with LaTeX.

See the inputenc package documentation for explanation.
Type  H <return>  for immediate help.
 ...                                              
                                                  
l.5 \centering –ù–∞ —Ç–µ
                        –º—É: "–î–∂–µ–Ω—Ç–µ–ª—å–º–µ–Ω—Å–∫–∏–π –Ω–∞–±–æ—Ä –∑–...

You may provide a definition with
\DeclareUnicodeCharacter 


! Package inputenc Error: Unicode character –º (U+043C)
(inputenc)                not set up for use with LaTeX.

See the inputenc package documentation for explanation.
Type  H <return>  for immediate help.
 ...                                              
                                                  
l.5 \centering –ù–∞ —Ç–µ–º
                          —É: "–î–∂–µ–Ω—Ç–µ–ª—å–º–µ–Ω—Å–∫–∏–π –Ω–∞–±–æ—Ä –∑–...

You may provide a definition with
\DeclareUnicodeCharacter 


! Package inputenc Error: Unicode character —É (U+0443)
(inputenc)                not set up for use with LaTeX.

See the inputenc package documentation for explanation.
Type  H <return>  for immediate help.
 ...                                              
                                                  
l.5 \centering –ù–∞ —Ç–µ–º—É
                            : "–î–∂–µ–Ω—Ç–µ–ª—å–º–µ–Ω—Å–∫–∏–π –Ω–∞–±–æ—Ä –∑–...

You may provide a definition with
\DeclareUnicodeCharacter 

Missing character: There is no : in font nullfont!
Missing character: There is no " in font nullfont!

! Package inputenc Error: Unicode character –î (U+0414)
(inputenc)                not set up for use with LaTeX.

See the inputenc package documentation for explanation.
Type  H <return>  for immediate help.
 ...                                              
                                                  
l.5 \centering –ù–∞ —Ç–µ–º—É: "–î
                                 –∂–µ–Ω—Ç–µ–ª—å–º–µ–Ω—Å–∫–∏–π –Ω–∞–±–æ—Ä –∑–...

You may provide a definition with
\DeclareUnicodeCharacter 


! Package inputenc Error: Unicode character –∂ (U+0436)
(inputenc)                not set up for use with LaTeX.

See the inputenc package documentation for explanation.
Type  H <return>  for immediate help.
 ...                                              
                                                  
l.5 \centering –ù–∞ —Ç–µ–º—É: "–î–∂
                                   –µ–Ω—Ç–µ–ª—å–º–µ–Ω—Å–∫–∏–π –Ω–∞–±–æ—Ä –∑–...

You may provide a definition with
\DeclareUnicodeCharacter 


! Package inputenc Error: Unicode character –µ (U+0435)
(inputenc)                not set up for use with LaTeX.

See the inputenc package documentation for explanation.
Type  H <return>  for immediate help.
 ...                                              
                                                  
l.5 \centering –ù–∞ —Ç–µ–º—É: "–î–∂–µ
                                     –Ω—Ç–µ–ª—å–º–µ–Ω—Å–∫–∏–π –Ω–∞–±–æ—Ä –∑–...

You may provide a definition with
\DeclareUnicodeCharacter 


! Package inputenc Error: Unicode character –Ω (U+043D)
(inputenc)                not set up for use with LaTeX.

See the inputenc package documentation for explanation.
Type  H <return>  for immediate help.
 ...                                              
                                                  
l.5 \centering –ù–∞ —Ç–µ–º—É: "–î–∂–µ–Ω
                                       —Ç–µ–ª—å–º–µ–Ω—Å–∫–∏–π –Ω–∞–±–æ—Ä –∑–...

You may provide a definition with
\DeclareUnicodeCharacter 


! Package inputenc Error: Unicode character —Ç (U+0442)
(inputenc)                not set up for use with LaTeX.

See the inputenc package documentation for explanation.
Type  H <return>  for immediate help.
 ...                                              
                                                  
l.5 \centering –ù–∞ —Ç–µ–º—É: "–î–∂–µ–Ω—Ç
                                         –µ–ª—å–º–µ–Ω—Å–∫–∏–π –Ω–∞–±–æ—Ä –∑–...

You may provide a definition with
\DeclareUnicodeCharacter 


! Package inputenc Error: Unicode character –µ (U+0435)
(inputenc)                not set up for use with LaTeX.

See the inputenc package documentation for explanation.
Type  H <return>  for immediate help.
 ...                                              
                                                  
l.5 \centering –ù–∞ —Ç–µ–º—É: "–î–∂–µ–Ω—Ç–µ
                                           –ª—å–º–µ–Ω—Å–∫–∏–π –Ω–∞–±–æ—Ä –∑–...

You may provide a definition with
\DeclareUnicodeCharacter 


! Package inputenc Error: Unicode character –ª (U+043B)
(inputenc)                not set up for use with LaTeX.

See the inputenc package documentation for explanation.
Type  H <return>  for immediate help.
 ...                                              
                                                  
l.5 \centering –ù–∞ —Ç–µ–º—É: "–î–∂–µ–Ω—Ç–µ–ª
                                             —å–º–µ–Ω—Å–∫–∏–π –Ω–∞–±–æ—Ä –∑–...

You may provide a definition with
\DeclareUnicodeCharacter 


! Package inputenc Error: Unicode character —å (U+044C)
(inputenc)                not set up for use with LaTeX.

See the inputenc package documentation for explanation.
Type  H <return>  for immediate help.
 ...                                              
                                                  
l.5 \centering –ù–∞ —Ç–µ–º—É: "–î–∂–µ–Ω—Ç–µ–ª—å
                                               –º–µ–Ω—Å–∫–∏–π –Ω–∞–±–æ—Ä –∑–...

You may provide a definition with
\DeclareUnicodeCharacter 


! Package inputenc Error: Unicode character –º (U+043C)
(inputenc)                not set up for use with LaTeX.

See the inputenc package documentation for explanation.
Type  H <return>  for immediate help.
 ...                                              
                                                  
l.5 \centering –ù–∞ —Ç–µ–º—É: "–î–∂–µ–Ω—Ç–µ–ª—å–º
                                                 –µ–Ω—Å–∫–∏–π –Ω–∞–±–æ—Ä –∑–...

You may provide a definition with
\DeclareUnicodeCharacter 


! Package inputenc Error: Unicode character –µ (U+0435)
(inputenc)                not set up for use with LaTeX.

See the inputenc package documentation for explanation.
Type  H <return>  for immediate help.
 ...                                              
                                                  
l.5 ...tering –ù–∞ —Ç–µ–º—É: "–î–∂–µ–Ω—Ç–µ–ª—å–º–µ
                                                  –Ω—Å–∫–∏–π –Ω–∞–±–æ—Ä –∑–Ω...

You may provide a definition with
\DeclareUnicodeCharacter 


! Package inputenc Error: Unicode character –Ω (U+043D)
(inputenc)                not set up for use with LaTeX.

See the inputenc package documentation for explanation.
Type  H <return>  for immediate help.
 ...                                              
                                                  
l.5 ...ring –ù–∞ —Ç–µ–º—É: "–î–∂–µ–Ω—Ç–µ–ª—å–º–µ–Ω
                                                  —Å–∫–∏–π –Ω–∞–±–æ—Ä –∑–Ω–∞...

You may provide a definition with
\DeclareUnicodeCharacter 


! Package inputenc Error: Unicode character —Å (U+0441)
(inputenc)                not set up for use with LaTeX.

See the inputenc package documentation for explanation.
Type  H <return>  for immediate help.
 ...                                              
                                                  
l.5 ...ng –ù–∞ —Ç–µ–º—É: "–î–∂–µ–Ω—Ç–µ–ª—å–º–µ–Ω—Å
                                                  –∫–∏–π –Ω–∞–±–æ—Ä –∑–Ω–∞–Ω...

You may provide a definition with
\DeclareUnicodeCharacter 


! Package inputenc Error: Unicode character –∫ (U+043A)
(inputenc)                not set up for use with LaTeX.

See the inputenc package documentation for explanation.
Type  H <return>  for immediate help.
 ...                                              
                                                  
l.5 ... –ù–∞ —Ç–µ–º—É: "–î–∂–µ–Ω—Ç–µ–ª—å–º–µ–Ω—Å–∫
                                                  –∏–π –Ω–∞–±–æ—Ä –∑–Ω–∞–Ω–∏–π"

You may provide a definition with
\DeclareUnicodeCharacter 


! Package inputenc Error: Unicode character –∏ (U+0438)
(inputenc)                not set up for use with LaTeX.

See the inputenc package documentation for explanation.
Type  H <return>  for immediate help.
 ...                                              
                                                  
l.5 ...ù–∞ —Ç–µ–º—É: "–î–∂–µ–Ω—Ç–µ–ª—å–º–µ–Ω—Å–∫–∏
                                                  –π –Ω–∞–±–æ—Ä –∑–Ω–∞–Ω–∏–π"
You may provide a definition with
\DeclareUnicodeCharacter 


! Package inputenc Error: Unicode character –π (U+0439)
(inputenc)                not set up for use with LaTeX.

See the inputenc package documentation for explanation.
Type  H <return>  for immediate help.
 ...                                              
                                                  
l.5 ...∞ —Ç–µ–º—É: "–î–∂–µ–Ω—Ç–µ–ª—å–º–µ–Ω—Å–∫–∏–π
                                                   –Ω–∞–±–æ—Ä –∑–Ω–∞–Ω–∏–π"
You may provide a definition with
\DeclareUnicodeCharacter 


! Package inputenc Error: Unicode character –Ω (U+043D)
(inputenc)                not set up for use with LaTeX.

See the inputenc package documentation for explanation.
Type  H <return>  for immediate help.
 ...                                              
                                                  
l.5 ...Ç–µ–º—É: "–î–∂–µ–Ω—Ç–µ–ª—å–º–µ–Ω—Å–∫–∏–π –Ω
                                                  –∞–±–æ—Ä –∑–Ω–∞–Ω–∏–π"
You may provide a definition with
\DeclareUnicodeCharacter 


! Package inputenc Error: Unicode character –∞ (U+0430)
(inputenc)                not set up for use with LaTeX.

See the inputenc package documentation for explanation.
Type  H <return>  for immediate help.
 ...                                              
                                                  
l.5 ...µ–º—É: "–î–∂–µ–Ω—Ç–µ–ª—å–º–µ–Ω—Å–∫–∏–π –Ω–∞
                                                  –±–æ—Ä –∑–Ω–∞–Ω–∏–π"
You may provide a definition with
\DeclareUnicodeCharacter 


! Package inputenc Error: Unicode character –± (U+0431)
(inputenc)                not set up for use with LaTeX.

See the inputenc package documentation for explanation.
Type  H <return>  for immediate help.
 ...                                              
                                                  
l.5 ...º—É: "–î–∂–µ–Ω—Ç–µ–ª—å–º–µ–Ω—Å–∫–∏–π –Ω–∞–±
                                                  –æ—Ä –∑–Ω–∞–Ω–∏–π"
You may provide a definition with
\DeclareUnicodeCharacter 


! Package inputenc Error: Unicode character –æ (U+043E)
(inputenc)                not set up for use with LaTeX.

See the inputenc package documentation for explanation.
Type  H <return>  for immediate help.
 ...                                              
                                                  
l.5 ...É: "–î–∂–µ–Ω—Ç–µ–ª—å–º–µ–Ω—Å–∫–∏–π –Ω–∞–±–æ
                                                  —Ä –∑–Ω–∞–Ω–∏–π"
You may provide a definition with
\DeclareUnicodeCharacter 


! Package inputenc Error: Unicode character —Ä (U+0440)
(inputenc)                not set up for use with LaTeX.

See the inputenc package documentation for explanation.
Type  H <return>  for immediate help.
 ...                                              
                                                  
l.5 ... "–î–∂–µ–Ω—Ç–µ–ª—å–º–µ–Ω—Å–∫–∏–π –Ω–∞–±–æ—Ä
                                                   –∑–Ω–∞–Ω–∏–π"
You may provide a definition with
\DeclareUnicodeCharacter 


! Package inputenc Error: Unicode character –∑ (U+0437)
(inputenc)                not set up for use with LaTeX.

See the inputenc package documentation for explanation.
Type  H <return>  for immediate help.
 ...                                              
                                                  
l.5 ...î–∂–µ–Ω—Ç–µ–ª—å–º–µ–Ω—Å–∫–∏–π –Ω–∞–±–æ—Ä –∑
                                                  –Ω–∞–Ω–∏–π"
You may provide a definition with
\DeclareUnicodeCharacter 


! Package inputenc Error: Unicode character –Ω (U+043D)
(inputenc)                not set up for use with LaTeX.

See the inputenc package documentation for explanation.
Type  H <return>  for immediate help.
 ...                                              
                                                  
l.5 ...∂–µ–Ω—Ç–µ–ª—å–º–µ–Ω—Å–∫–∏–π –Ω–∞–±–æ—Ä –∑–Ω
                                                  –∞–Ω–∏–π"
You may provide a definition with
\DeclareUnicodeCharacter 


! Package inputenc Error: Unicode character –∞ (U+0430)
(inputenc)                not set up for use with LaTeX.

See the inputenc package documentation for explanation.
Type  H <return>  for immediate help.
 ...                                              
                                                  
l.5 ...µ–Ω—Ç–µ–ª—å–º–µ–Ω—Å–∫–∏–π –Ω–∞–±–æ—Ä –∑–Ω–∞
                                                  –Ω–∏–π"
You may provide a definition with
\DeclareUnicodeCharacter 


! Package inputenc Error: Unicode character –Ω (U+043D)
(inputenc)                not set up for use with LaTeX.

See the inputenc package documentation for explanation.
Type  H <return>  for immediate help.
 ...                                              
                                                  
l.5 ...Ω—Ç–µ–ª—å–º–µ–Ω—Å–∫–∏–π –Ω–∞–±–æ—Ä –∑–Ω–∞–Ω
                                                  –∏–π"
You may provide a definition with
\DeclareUnicodeCharacter 


! Package inputenc Error: Unicode character –∏ (U+0438)
(inputenc)                not set up for use with LaTeX.

See the inputenc package documentation for explanation.
Type  H <return>  for immediate help.
 ...                                              
                                                  
l.5 ...Ç–µ–ª—å–º–µ–Ω—Å–∫–∏–π –Ω–∞–±–æ—Ä –∑–Ω–∞–Ω–∏
                                                  –π"
You may provide a definition with
\DeclareUnicodeCharacter 


! Package inputenc Error: Unicode character –π (U+0439)
(inputenc)                not set up for use with LaTeX.

See the inputenc package documentation for explanation.
Type  H <return>  for immediate help.
 ...                                              
                                                  
l.5 ...µ–ª—å–º–µ–Ω—Å–∫–∏–π –Ω–∞–±–æ—Ä –∑–Ω–∞–Ω–∏–π
                                                  "
You may provide a definition with
\DeclareUnicodeCharacter 

Missing character: There is no " in font nullfont!
)
! Emergency stop.
<*> ./title.tex
               
*** (job aborted, no legal \end found)

 
Here is how much of TeX's memory you used:
 44 strings out of 480790
 543 string characters out of 2911284
 238890 words of memory out of 3000000
 16157 multiletter control sequences out of 15000+200000
 532338 words of font info for 24 fonts, out of 3000000 for 9000
 1141 hyphenation exceptions out of 8191
 12i,0n,15p,102b,14s stack positions out of 5000i,500n,10000p,200000b,50000s
!  ==> Fatal error occurred, no output PDF file produced!
