This is pdfTeX, Version 3.14159265-2.6-1.40.21 (MiKTeX 21.1) (preloaded format=pdflatex 2021.2.27)  3 MAR 2021 11:17
entering extended mode
**./analytical.tex
(analytical.tex
LaTeX2e <2020-10-01> patch level 4
L3 programming layer <2021-02-18> xparse <2020-03-03>
! Undefined control sequence.
l.1 \section
            {–ê–Ω–∞–ª–∏—Ç–∏—á–µ—Å–∫–∏–π —Ä–∞–∑–¥–µ–ª}
The control sequence at the end of the top line
of your error message was never \def'ed. If you have
misspelled it (e.g., `\hobx'), type `I' and the correct
spelling (e.g., `I\hbox'). Otherwise just continue,
and I'll forget about whatever was undefined.


! Package inputenc Error: Unicode character –ê (U+0410)
(inputenc)                not set up for use with LaTeX.

See the inputenc package documentation for explanation.
Type  H <return>  for immediate help.
 ...                                              
                                                  
l.1 \section{–ê
               –Ω–∞–ª–∏—Ç–∏—á–µ—Å–∫–∏–π —Ä–∞–∑–¥–µ–ª}
You may provide a definition with
\DeclareUnicodeCharacter 


! Package inputenc Error: Unicode character –Ω (U+043D)
(inputenc)                not set up for use with LaTeX.

See the inputenc package documentation for explanation.
Type  H <return>  for immediate help.
 ...                                              
                                                  
l.1 \section{–ê–Ω
                 –∞–ª–∏—Ç–∏—á–µ—Å–∫–∏–π —Ä–∞–∑–¥–µ–ª}
You may provide a definition with
\DeclareUnicodeCharacter 


! Package inputenc Error: Unicode character –∞ (U+0430)
(inputenc)                not set up for use with LaTeX.

See the inputenc package documentation for explanation.
Type  H <return>  for immediate help.
 ...                                              
                                                  
l.1 \section{–ê–Ω–∞
                   –ª–∏—Ç–∏—á–µ—Å–∫–∏–π —Ä–∞–∑–¥–µ–ª}
You may provide a definition with
\DeclareUnicodeCharacter 


! Package inputenc Error: Unicode character –ª (U+043B)
(inputenc)                not set up for use with LaTeX.

See the inputenc package documentation for explanation.
Type  H <return>  for immediate help.
 ...                                              
                                                  
l.1 \section{–ê–Ω–∞–ª
                     –∏—Ç–∏—á–µ—Å–∫–∏–π —Ä–∞–∑–¥–µ–ª}
You may provide a definition with
\DeclareUnicodeCharacter 


! Package inputenc Error: Unicode character –∏ (U+0438)
(inputenc)                not set up for use with LaTeX.

See the inputenc package documentation for explanation.
Type  H <return>  for immediate help.
 ...                                              
                                                  
l.1 \section{–ê–Ω–∞–ª–∏
                       —Ç–∏—á–µ—Å–∫–∏–π —Ä–∞–∑–¥–µ–ª}
You may provide a definition with
\DeclareUnicodeCharacter 


! Package inputenc Error: Unicode character —Ç (U+0442)
(inputenc)                not set up for use with LaTeX.

See the inputenc package documentation for explanation.
Type  H <return>  for immediate help.
 ...                                              
                                                  
l.1 \section{–ê–Ω–∞–ª–∏—Ç
                         –∏—á–µ—Å–∫–∏–π —Ä–∞–∑–¥–µ–ª}
You may provide a definition with
\DeclareUnicodeCharacter 


! Package inputenc Error: Unicode character –∏ (U+0438)
(inputenc)                not set up for use with LaTeX.

See the inputenc package documentation for explanation.
Type  H <return>  for immediate help.
 ...                                              
                                                  
l.1 \section{–ê–Ω–∞–ª–∏—Ç–∏
                           —á–µ—Å–∫–∏–π —Ä–∞–∑–¥–µ–ª}
You may provide a definition with
\DeclareUnicodeCharacter 


! Package inputenc Error: Unicode character —á (U+0447)
(inputenc)                not set up for use with LaTeX.

See the inputenc package documentation for explanation.
Type  H <return>  for immediate help.
 ...                                              
                                                  
l.1 \section{–ê–Ω–∞–ª–∏—Ç–∏—á
                             –µ—Å–∫–∏–π —Ä–∞–∑–¥–µ–ª}
You may provide a definition with
\DeclareUnicodeCharacter 


! Package inputenc Error: Unicode character –µ (U+0435)
(inputenc)                not set up for use with LaTeX.

See the inputenc package documentation for explanation.
Type  H <return>  for immediate help.
 ...                                              
                                                  
l.1 \section{–ê–Ω–∞–ª–∏—Ç–∏—á–µ
                               —Å–∫–∏–π —Ä–∞–∑–¥–µ–ª}
You may provide a definition with
\DeclareUnicodeCharacter 


! Package inputenc Error: Unicode character —Å (U+0441)
(inputenc)                not set up for use with LaTeX.

See the inputenc package documentation for explanation.
Type  H <return>  for immediate help.
 ...                                              
                                                  
l.1 \section{–ê–Ω–∞–ª–∏—Ç–∏—á–µ—Å
                                 –∫–∏–π —Ä–∞–∑–¥–µ–ª}
You may provide a definition with
\DeclareUnicodeCharacter 


! Package inputenc Error: Unicode character –∫ (U+043A)
(inputenc)                not set up for use with LaTeX.

See the inputenc package documentation for explanation.
Type  H <return>  for immediate help.
 ...                                              
                                                  
l.1 \section{–ê–Ω–∞–ª–∏—Ç–∏—á–µ—Å–∫
                                   –∏–π —Ä–∞–∑–¥–µ–ª}
You may provide a definition with
\DeclareUnicodeCharacter 


! Package inputenc Error: Unicode character –∏ (U+0438)
(inputenc)                not set up for use with LaTeX.

See the inputenc package documentation for explanation.
Type  H <return>  for immediate help.
 ...                                              
                                                  
l.1 \section{–ê–Ω–∞–ª–∏—Ç–∏—á–µ—Å–∫–∏
                                     –π —Ä–∞–∑–¥–µ–ª}
You may provide a definition with
\DeclareUnicodeCharacter 


! Package inputenc Error: Unicode character –π (U+0439)
(inputenc)                not set up for use with LaTeX.

See the inputenc package documentation for explanation.
Type  H <return>  for immediate help.
 ...                                              
                                                  
l.1 \section{–ê–Ω–∞–ª–∏—Ç–∏—á–µ—Å–∫–∏–π
                                        —Ä–∞–∑–¥–µ–ª}
You may provide a definition with
\DeclareUnicodeCharacter 


! Package inputenc Error: Unicode character —Ä (U+0440)
(inputenc)                not set up for use with LaTeX.

See the inputenc package documentation for explanation.
Type  H <return>  for immediate help.
 ...                                              
                                                  
l.1 \section{–ê–Ω–∞–ª–∏—Ç–∏—á–µ—Å–∫–∏–π —Ä
                                          –∞–∑–¥–µ–ª}
You may provide a definition with
\DeclareUnicodeCharacter 


! Package inputenc Error: Unicode character –∞ (U+0430)
(inputenc)                not set up for use with LaTeX.

See the inputenc package documentation for explanation.
Type  H <return>  for immediate help.
 ...                                              
                                                  
l.1 \section{–ê–Ω–∞–ª–∏—Ç–∏—á–µ—Å–∫–∏–π —Ä–∞
                                            –∑–¥–µ–ª}
You may provide a definition with
\DeclareUnicodeCharacter 


! Package inputenc Error: Unicode character –∑ (U+0437)
(inputenc)                not set up for use with LaTeX.

See the inputenc package documentation for explanation.
Type  H <return>  for immediate help.
 ...                                              
                                                  
l.1 \section{–ê–Ω–∞–ª–∏—Ç–∏—á–µ—Å–∫–∏–π —Ä–∞–∑
                                              –¥–µ–ª}
You may provide a definition with
\DeclareUnicodeCharacter 


! Package inputenc Error: Unicode character –¥ (U+0434)
(inputenc)                not set up for use with LaTeX.

See the inputenc package documentation for explanation.
Type  H <return>  for immediate help.
 ...                                              
                                                  
l.1 \section{–ê–Ω–∞–ª–∏—Ç–∏—á–µ—Å–∫–∏–π —Ä–∞–∑–¥
                                                –µ–ª}
You may provide a definition with
\DeclareUnicodeCharacter 


! Package inputenc Error: Unicode character –µ (U+0435)
(inputenc)                not set up for use with LaTeX.

See the inputenc package documentation for explanation.
Type  H <return>  for immediate help.
 ...                                              
                                                  
l.1 \section{–ê–Ω–∞–ª–∏—Ç–∏—á–µ—Å–∫–∏–π —Ä–∞–∑–¥–µ
                                                  –ª}
You may provide a definition with
\DeclareUnicodeCharacter 


! Package inputenc Error: Unicode character –ª (U+043B)
(inputenc)                not set up for use with LaTeX.

See the inputenc package documentation for explanation.
Type  H <return>  for immediate help.
 ...                                              
                                                  
l.1 ...ion{–ê–Ω–∞–ª–∏—Ç–∏—á–µ—Å–∫–∏–π —Ä–∞–∑–¥–µ–ª
                                                  }
You may provide a definition with
\DeclareUnicodeCharacter 

! Undefined control sequence.
l.2 \subsection
               {–ü–æ—Å—Ç–∞–Ω–æ–≤–∫–∞ –∑–∞–¥–∞—á–∏}
The control sequence at the end of the top line
of your error message was never \def'ed. If you have
misspelled it (e.g., `\hobx'), type `I' and the correct
spelling (e.g., `I\hbox'). Otherwise just continue,
and I'll forget about whatever was undefined.


! Package inputenc Error: Unicode character –ü (U+041F)
(inputenc)                not set up for use with LaTeX.

See the inputenc package documentation for explanation.
Type  H <return>  for immediate help.
 ...                                              
                                                  
l.2 \subsection{–ü
                  –æ—Å—Ç–∞–Ω–æ–≤–∫–∞ –∑–∞–¥–∞—á–∏}
You may provide a definition with
\DeclareUnicodeCharacter 


! Package inputenc Error: Unicode character –æ (U+043E)
(inputenc)                not set up for use with LaTeX.

See the inputenc package documentation for explanation.
Type  H <return>  for immediate help.
 ...                                              
                                                  
l.2 \subsection{–ü–æ
                    —Å—Ç–∞–Ω–æ–≤–∫–∞ –∑–∞–¥–∞—á–∏}
You may provide a definition with
\DeclareUnicodeCharacter 


! Package inputenc Error: Unicode character —Å (U+0441)
(inputenc)                not set up for use with LaTeX.

See the inputenc package documentation for explanation.
Type  H <return>  for immediate help.
 ...                                              
                                                  
l.2 \subsection{–ü–æ—Å
                      —Ç–∞–Ω–æ–≤–∫–∞ –∑–∞–¥–∞—á–∏}
You may provide a definition with
\DeclareUnicodeCharacter 


! Package inputenc Error: Unicode character —Ç (U+0442)
(inputenc)                not set up for use with LaTeX.

See the inputenc package documentation for explanation.
Type  H <return>  for immediate help.
 ...                                              
                                                  
l.2 \subsection{–ü–æ—Å—Ç
                        –∞–Ω–æ–≤–∫–∞ –∑–∞–¥–∞—á–∏}
You may provide a definition with
\DeclareUnicodeCharacter 


! Package inputenc Error: Unicode character –∞ (U+0430)
(inputenc)                not set up for use with LaTeX.

See the inputenc package documentation for explanation.
Type  H <return>  for immediate help.
 ...                                              
                                                  
l.2 \subsection{–ü–æ—Å—Ç–∞
                          –Ω–æ–≤–∫–∞ –∑–∞–¥–∞—á–∏}
You may provide a definition with
\DeclareUnicodeCharacter 


! Package inputenc Error: Unicode character –Ω (U+043D)
(inputenc)                not set up for use with LaTeX.

See the inputenc package documentation for explanation.
Type  H <return>  for immediate help.
 ...                                              
                                                  
l.2 \subsection{–ü–æ—Å—Ç–∞–Ω
                            –æ–≤–∫–∞ –∑–∞–¥–∞—á–∏}
You may provide a definition with
\DeclareUnicodeCharacter 


! Package inputenc Error: Unicode character –æ (U+043E)
(inputenc)                not set up for use with LaTeX.

See the inputenc package documentation for explanation.
Type  H <return>  for immediate help.
 ...                                              
                                                  
l.2 \subsection{–ü–æ—Å—Ç–∞–Ω–æ
                              –≤–∫–∞ –∑–∞–¥–∞—á–∏}
You may provide a definition with
\DeclareUnicodeCharacter 


! Package inputenc Error: Unicode character –≤ (U+0432)
(inputenc)                not set up for use with LaTeX.

See the inputenc package documentation for explanation.
Type  H <return>  for immediate help.
 ...                                              
                                                  
l.2 \subsection{–ü–æ—Å—Ç–∞–Ω–æ–≤
                                –∫–∞ –∑–∞–¥–∞—á–∏}
You may provide a definition with
\DeclareUnicodeCharacter 


! Package inputenc Error: Unicode character –∫ (U+043A)
(inputenc)                not set up for use with LaTeX.

See the inputenc package documentation for explanation.
Type  H <return>  for immediate help.
 ...                                              
                                                  
l.2 \subsection{–ü–æ—Å—Ç–∞–Ω–æ–≤–∫
                                  –∞ –∑–∞–¥–∞—á–∏}
You may provide a definition with
\DeclareUnicodeCharacter 


! Package inputenc Error: Unicode character –∞ (U+0430)
(inputenc)                not set up for use with LaTeX.

See the inputenc package documentation for explanation.
Type  H <return>  for immediate help.
 ...                                              
                                                  
l.2 \subsection{–ü–æ—Å—Ç–∞–Ω–æ–≤–∫–∞
                                     –∑–∞–¥–∞—á–∏}
You may provide a definition with
\DeclareUnicodeCharacter 


! Package inputenc Error: Unicode character –∑ (U+0437)
(inputenc)                not set up for use with LaTeX.

See the inputenc package documentation for explanation.
Type  H <return>  for immediate help.
 ...                                              
                                                  
l.2 \subsection{–ü–æ—Å—Ç–∞–Ω–æ–≤–∫–∞ –∑
                                       –∞–¥–∞—á–∏}
You may provide a definition with
\DeclareUnicodeCharacter 


! Package inputenc Error: Unicode character –∞ (U+0430)
(inputenc)                not set up for use with LaTeX.

See the inputenc package documentation for explanation.
Type  H <return>  for immediate help.
 ...                                              
                                                  
l.2 \subsection{–ü–æ—Å—Ç–∞–Ω–æ–≤–∫–∞ –∑–∞
                                         –¥–∞—á–∏}
You may provide a definition with
\DeclareUnicodeCharacter 


! Package inputenc Error: Unicode character –¥ (U+0434)
(inputenc)                not set up for use with LaTeX.

See the inputenc package documentation for explanation.
Type  H <return>  for immediate help.
 ...                                              
                                                  
l.2 \subsection{–ü–æ—Å—Ç–∞–Ω–æ–≤–∫–∞ –∑–∞–¥
                                           –∞—á–∏}
You may provide a definition with
\DeclareUnicodeCharacter 


! Package inputenc Error: Unicode character –∞ (U+0430)
(inputenc)                not set up for use with LaTeX.

See the inputenc package documentation for explanation.
Type  H <return>  for immediate help.
 ...                                              
                                                  
l.2 \subsection{–ü–æ—Å—Ç–∞–Ω–æ–≤–∫–∞ –∑–∞–¥–∞
                                             —á–∏}
You may provide a definition with
\DeclareUnicodeCharacter 


! Package inputenc Error: Unicode character —á (U+0447)
(inputenc)                not set up for use with LaTeX.

See the inputenc package documentation for explanation.
Type  H <return>  for immediate help.
 ...                                              
                                                  
l.2 \subsection{–ü–æ—Å—Ç–∞–Ω–æ–≤–∫–∞ –∑–∞–¥–∞—á
                                               –∏}
You may provide a definition with
\DeclareUnicodeCharacter 


! Package inputenc Error: Unicode character –∏ (U+0438)
(inputenc)                not set up for use with LaTeX.

See the inputenc package documentation for explanation.
Type  H <return>  for immediate help.
 ...                                              
                                                  
l.2 \subsection{–ü–æ—Å—Ç–∞–Ω–æ–≤–∫–∞ –∑–∞–¥–∞—á–∏
                                                 }
You may provide a definition with
\DeclareUnicodeCharacter 


! Package inputenc Error: Unicode character –í (U+0412)
(inputenc)                not set up for use with LaTeX.

See the inputenc package documentation for explanation.
Type  H <return>  for immediate help.
 ...                                              
                                                  
l.3 –í
       —Å–æ–æ—Ç–≤–µ—Ç—Å—Ç–≤–∏–∏ —Å –∑–∞–¥–∞–Ω–∏–µ–º –Ω–∞ –∫—É—Ä—Å–æ–≤–æ–π –ø...

You may provide a definition with
\DeclareUnicodeCharacter 


! Package inputenc Error: Unicode character —Å (U+0441)
(inputenc)                not set up for use with LaTeX.

See the inputenc package documentation for explanation.
Type  H <return>  for immediate help.
 ...                                              
                                                  
l.3 –í —Å
         –æ–æ—Ç–≤–µ—Ç—Å—Ç–≤–∏–∏ —Å –∑–∞–¥–∞–Ω–∏–µ–º –Ω–∞ –∫—É—Ä—Å–æ–≤–æ–π –ø...

You may provide a definition with
\DeclareUnicodeCharacter 


! Package inputenc Error: Unicode character –æ (U+043E)
(inputenc)                not set up for use with LaTeX.

See the inputenc package documentation for explanation.
Type  H <return>  for immediate help.
 ...                                              
                                                  
l.3 –í —Å–æ
           –æ—Ç–≤–µ—Ç—Å—Ç–≤–∏–∏ —Å –∑–∞–¥–∞–Ω–∏–µ–º –Ω–∞ –∫—É—Ä—Å–æ–≤–æ–π –ø...

You may provide a definition with
\DeclareUnicodeCharacter 


! Package inputenc Error: Unicode character –æ (U+043E)
(inputenc)                not set up for use with LaTeX.

See the inputenc package documentation for explanation.
Type  H <return>  for immediate help.
 ...                                              
                                                  
l.3 –í —Å–æ–æ
             —Ç–≤–µ—Ç—Å—Ç–≤–∏–∏ —Å –∑–∞–¥–∞–Ω–∏–µ–º –Ω–∞ –∫—É—Ä—Å–æ–≤–æ–π –ø...

You may provide a definition with
\DeclareUnicodeCharacter 


! Package inputenc Error: Unicode character —Ç (U+0442)
(inputenc)                not set up for use with LaTeX.

See the inputenc package documentation for explanation.
Type  H <return>  for immediate help.
 ...                                              
                                                  
l.3 –í —Å–æ–æ—Ç
               –≤–µ—Ç—Å—Ç–≤–∏–∏ —Å –∑–∞–¥–∞–Ω–∏–µ–º –Ω–∞ –∫—É—Ä—Å–æ–≤–æ–π –ø...

You may provide a definition with
\DeclareUnicodeCharacter 


! Package inputenc Error: Unicode character –≤ (U+0432)
(inputenc)                not set up for use with LaTeX.

See the inputenc package documentation for explanation.
Type  H <return>  for immediate help.
 ...                                              
                                                  
l.3 –í —Å–æ–æ—Ç–≤
                 –µ—Ç—Å—Ç–≤–∏–∏ —Å –∑–∞–¥–∞–Ω–∏–µ–º –Ω–∞ –∫—É—Ä—Å–æ–≤–æ–π –ø...

You may provide a definition with
\DeclareUnicodeCharacter 


! Package inputenc Error: Unicode character –µ (U+0435)
(inputenc)                not set up for use with LaTeX.

See the inputenc package documentation for explanation.
Type  H <return>  for immediate help.
 ...                                              
                                                  
l.3 –í —Å–æ–æ—Ç–≤–µ
                   —Ç—Å—Ç–≤–∏–∏ —Å –∑–∞–¥–∞–Ω–∏–µ–º –Ω–∞ –∫—É—Ä—Å–æ–≤–æ–π –ø...

You may provide a definition with
\DeclareUnicodeCharacter 


! Package inputenc Error: Unicode character —Ç (U+0442)
(inputenc)                not set up for use with LaTeX.

See the inputenc package documentation for explanation.
Type  H <return>  for immediate help.
 ...                                              
                                                  
l.3 –í —Å–æ–æ—Ç–≤–µ—Ç
                     —Å—Ç–≤–∏–∏ —Å –∑–∞–¥–∞–Ω–∏–µ–º –Ω–∞ –∫—É—Ä—Å–æ–≤–æ–π –ø...

You may provide a definition with
\DeclareUnicodeCharacter 


! Package inputenc Error: Unicode character —Å (U+0441)
(inputenc)                not set up for use with LaTeX.

See the inputenc package documentation for explanation.
Type  H <return>  for immediate help.
 ...                                              
                                                  
l.3 –í —Å–æ–æ—Ç–≤–µ—Ç—Å
                       —Ç–≤–∏–∏ —Å –∑–∞–¥–∞–Ω–∏–µ–º –Ω–∞ –∫—É—Ä—Å–æ–≤–æ–π –ø...

You may provide a definition with
\DeclareUnicodeCharacter 


! Package inputenc Error: Unicode character —Ç (U+0442)
(inputenc)                not set up for use with LaTeX.

See the inputenc package documentation for explanation.
Type  H <return>  for immediate help.
 ...                                              
                                                  
l.3 –í —Å–æ–æ—Ç–≤–µ—Ç—Å—Ç
                         –≤–∏–∏ —Å –∑–∞–¥–∞–Ω–∏–µ–º –Ω–∞ –∫—É—Ä—Å–æ–≤–æ–π –ø...

You may provide a definition with
\DeclareUnicodeCharacter 


! Package inputenc Error: Unicode character –≤ (U+0432)
(inputenc)                not set up for use with LaTeX.

See the inputenc package documentation for explanation.
Type  H <return>  for immediate help.
 ...                                              
                                                  
l.3 –í —Å–æ–æ—Ç–≤–µ—Ç—Å—Ç–≤
                           –∏–∏ —Å –∑–∞–¥–∞–Ω–∏–µ–º –Ω–∞ –∫—É—Ä—Å–æ–≤–æ–π –ø...

You may provide a definition with
\DeclareUnicodeCharacter 


! Package inputenc Error: Unicode character –∏ (U+0438)
(inputenc)                not set up for use with LaTeX.

See the inputenc package documentation for explanation.
Type  H <return>  for immediate help.
 ...                                              
                                                  
l.3 –í —Å–æ–æ—Ç–≤–µ—Ç—Å—Ç–≤–∏
                             –∏ —Å –∑–∞–¥–∞–Ω–∏–µ–º –Ω–∞ –∫—É—Ä—Å–æ–≤–æ–π –ø...

You may provide a definition with
\DeclareUnicodeCharacter 


! Package inputenc Error: Unicode character –∏ (U+0438)
(inputenc)                not set up for use with LaTeX.

See the inputenc package documentation for explanation.
Type  H <return>  for immediate help.
 ...                                              
                                                  
l.3 –í —Å–æ–æ—Ç–≤–µ—Ç—Å—Ç–≤–∏–∏
                                —Å –∑–∞–¥–∞–Ω–∏–µ–º –Ω–∞ –∫—É—Ä—Å–æ–≤–æ–π –ø...

You may provide a definition with
\DeclareUnicodeCharacter 


! Package inputenc Error: Unicode character —Å (U+0441)
(inputenc)                not set up for use with LaTeX.

See the inputenc package documentation for explanation.
Type  H <return>  for immediate help.
 ...                                              
                                                  
l.3 –í —Å–æ–æ—Ç–≤–µ—Ç—Å—Ç–≤–∏–∏ —Å
                                   –∑–∞–¥–∞–Ω–∏–µ–º –Ω–∞ –∫—É—Ä—Å–æ–≤–æ–π –ø...

You may provide a definition with
\DeclareUnicodeCharacter 


! Package inputenc Error: Unicode character –∑ (U+0437)
(inputenc)                not set up for use with LaTeX.

See the inputenc package documentation for explanation.
Type  H <return>  for immediate help.
 ...                                              
                                                  
l.3 –í —Å–æ–æ—Ç–≤–µ—Ç—Å—Ç–≤–∏–∏ —Å –∑
                                     –∞–¥–∞–Ω–∏–µ–º –Ω–∞ –∫—É—Ä—Å–æ–≤–æ–π –ø...

You may provide a definition with
\DeclareUnicodeCharacter 


! Package inputenc Error: Unicode character –∞ (U+0430)
(inputenc)                not set up for use with LaTeX.

See the inputenc package documentation for explanation.
Type  H <return>  for immediate help.
 ...                                              
                                                  
l.3 –í —Å–æ–æ—Ç–≤–µ—Ç—Å—Ç–≤–∏–∏ —Å –∑–∞
                                       –¥–∞–Ω–∏–µ–º –Ω–∞ –∫—É—Ä—Å–æ–≤–æ–π –ø...

You may provide a definition with
\DeclareUnicodeCharacter 


! Package inputenc Error: Unicode character –¥ (U+0434)
(inputenc)                not set up for use with LaTeX.

See the inputenc package documentation for explanation.
Type  H <return>  for immediate help.
 ...                                              
                                                  
l.3 –í —Å–æ–æ—Ç–≤–µ—Ç—Å—Ç–≤–∏–∏ —Å –∑–∞–¥
                                         –∞–Ω–∏–µ–º –Ω–∞ –∫—É—Ä—Å–æ–≤–æ–π –ø...

You may provide a definition with
\DeclareUnicodeCharacter 


! Package inputenc Error: Unicode character –∞ (U+0430)
(inputenc)                not set up for use with LaTeX.

See the inputenc package documentation for explanation.
Type  H <return>  for immediate help.
 ...                                              
                                                  
l.3 –í —Å–æ–æ—Ç–≤–µ—Ç—Å—Ç–≤–∏–∏ —Å –∑–∞–¥–∞
                                           –Ω–∏–µ–º –Ω–∞ –∫—É—Ä—Å–æ–≤–æ–π –ø...

You may provide a definition with
\DeclareUnicodeCharacter 


! Package inputenc Error: Unicode character –Ω (U+043D)
(inputenc)                not set up for use with LaTeX.

See the inputenc package documentation for explanation.
Type  H <return>  for immediate help.
 ...                                              
                                                  
l.3 –í —Å–æ–æ—Ç–≤–µ—Ç—Å—Ç–≤–∏–∏ —Å –∑–∞–¥–∞–Ω
                                             –∏–µ–º –Ω–∞ –∫—É—Ä—Å–æ–≤–æ–π –ø...

You may provide a definition with
\DeclareUnicodeCharacter 


! Package inputenc Error: Unicode character –∏ (U+0438)
(inputenc)                not set up for use with LaTeX.

See the inputenc package documentation for explanation.
Type  H <return>  for immediate help.
 ...                                              
                                                  
l.3 –í —Å–æ–æ—Ç–≤–µ—Ç—Å—Ç–≤–∏–∏ —Å –∑–∞–¥–∞–Ω–∏
                                               –µ–º –Ω–∞ –∫—É—Ä—Å–æ–≤–æ–π –ø...

You may provide a definition with
\DeclareUnicodeCharacter 


! Package inputenc Error: Unicode character –µ (U+0435)
(inputenc)                not set up for use with LaTeX.

See the inputenc package documentation for explanation.
Type  H <return>  for immediate help.
 ...                                              
                                                  
l.3 –í —Å–æ–æ—Ç–≤–µ—Ç—Å—Ç–≤–∏–∏ —Å –∑–∞–¥–∞–Ω–∏–µ
                                                 –º –Ω–∞ –∫—É—Ä—Å–æ–≤–æ–π –ø...

You may provide a definition with
\DeclareUnicodeCharacter 


! Package inputenc Error: Unicode character –º (U+043C)
(inputenc)                not set up for use with LaTeX.

See the inputenc package documentation for explanation.
Type  H <return>  for immediate help.
 ...                                              
                                                  
l.3 ...Å–æ–æ—Ç–≤–µ—Ç—Å—Ç–≤–∏–∏ —Å –∑–∞–¥–∞–Ω–∏–µ–º
                                                   –Ω–∞ –∫—É—Ä—Å–æ–≤–æ–π –ø—...

You may provide a definition with
\DeclareUnicodeCharacter 


! Package inputenc Error: Unicode character –Ω (U+043D)
(inputenc)                not set up for use with LaTeX.

See the inputenc package documentation for explanation.
Type  H <return>  for immediate help.
 ...                                              
                                                  
l.3 ...–æ—Ç–≤–µ—Ç—Å—Ç–≤–∏–∏ —Å –∑–∞–¥–∞–Ω–∏–µ–º –Ω
                                                  –∞ –∫—É—Ä—Å–æ–≤–æ–π –ø—Ä–æ...

You may provide a definition with
\DeclareUnicodeCharacter 


! Package inputenc Error: Unicode character –∞ (U+0430)
(inputenc)                not set up for use with LaTeX.

See the inputenc package documentation for explanation.
Type  H <return>  for immediate help.
 ...                                              
                                                  
l.3 ...—Ç–≤–µ—Ç—Å—Ç–≤–∏–∏ —Å –∑–∞–¥–∞–Ω–∏–µ–º –Ω–∞
                                                   –∫—É—Ä—Å–æ–≤–æ–π –ø—Ä–æ–µ...

You may provide a definition with
\DeclareUnicodeCharacter 


! Package inputenc Error: Unicode character –∫ (U+043A)
(inputenc)                not set up for use with LaTeX.

See the inputenc package documentation for explanation.
Type  H <return>  for immediate help.
 ...                                              
                                                  
l.3 ...≤–µ—Ç—Å—Ç–≤–∏–∏ —Å –∑–∞–¥–∞–Ω–∏–µ–º –Ω–∞ –∫
                                                  —É—Ä—Å–æ–≤–æ–π –ø—Ä–æ–µ–∫—...

You may provide a definition with
\DeclareUnicodeCharacter 


! Package inputenc Error: Unicode character —É (U+0443)
(inputenc)                not set up for use with LaTeX.

See the inputenc package documentation for explanation.
Type  H <return>  for immediate help.
 ...                                              
                                                  
l.3 ...µ—Ç—Å—Ç–≤–∏–∏ —Å –∑–∞–¥–∞–Ω–∏–µ–º –Ω–∞ –∫—É
                                                  —Ä—Å–æ–≤–æ–π –ø—Ä–æ–µ–∫—Ç ...

You may provide a definition with
\DeclareUnicodeCharacter 


! Package inputenc Error: Unicode character —Ä (U+0440)
(inputenc)                not set up for use with LaTeX.

See the inputenc package documentation for explanation.
Type  H <return>  for immediate help.
 ...                                              
                                                  
l.3 ...Ç—Å—Ç–≤–∏–∏ —Å –∑–∞–¥–∞–Ω–∏–µ–º –Ω–∞ –∫—É—Ä
                                                  —Å–æ–≤–æ–π –ø—Ä–æ–µ–∫—Ç –Ω...

You may provide a definition with
\DeclareUnicodeCharacter 


! Package inputenc Error: Unicode character —Å (U+0441)
(inputenc)                not set up for use with LaTeX.

See the inputenc package documentation for explanation.
Type  H <return>  for immediate help.
 ...                                              
                                                  
l.3 ...Å—Ç–≤–∏–∏ —Å –∑–∞–¥–∞–Ω–∏–µ–º –Ω–∞ –∫—É—Ä—Å
                                                  –æ–≤–æ–π –ø—Ä–æ–µ–∫—Ç –Ω–µ...

You may provide a definition with
\DeclareUnicodeCharacter 


! Package inputenc Error: Unicode character –æ (U+043E)
(inputenc)                not set up for use with LaTeX.

See the inputenc package documentation for explanation.
Type  H <return>  for immediate help.
 ...                                              
                                                  
l.3 ...Ç–≤–∏–∏ —Å –∑–∞–¥–∞–Ω–∏–µ–º –Ω–∞ –∫—É—Ä—Å–æ
                                                  –≤–æ–π –ø—Ä–æ–µ–∫—Ç –Ω–µ–æ...

You may provide a definition with
\DeclareUnicodeCharacter 


! Package inputenc Error: Unicode character –≤ (U+0432)
(inputenc)                not set up for use with LaTeX.

See the inputenc package documentation for explanation.
Type  H <return>  for immediate help.
 ...                                              
                                                  
l.3 ...≤–∏–∏ —Å –∑–∞–¥–∞–Ω–∏–µ–º –Ω–∞ –∫—É—Ä—Å–æ–≤
                                                  –æ–π –ø—Ä–æ–µ–∫—Ç –Ω–µ–æ–±...

You may provide a definition with
\DeclareUnicodeCharacter 


! Package inputenc Error: Unicode character –æ (U+043E)
(inputenc)                not set up for use with LaTeX.

See the inputenc package documentation for explanation.
Type  H <return>  for immediate help.
 ...                                              
                                                  
l.3 ...∏–∏ —Å –∑–∞–¥–∞–Ω–∏–µ–º –Ω–∞ –∫—É—Ä—Å–æ–≤–æ
                                                  –π –ø—Ä–æ–µ–∫—Ç –Ω–µ–æ–±—Ö...

You may provide a definition with
\DeclareUnicodeCharacter 


! Package inputenc Error: Unicode character –π (U+0439)
(inputenc)                not set up for use with LaTeX.

See the inputenc package documentation for explanation.
Type  H <return>  for immediate help.
 ...                                              
                                                  
l.3 ...∏ —Å –∑–∞–¥–∞–Ω–∏–µ–º –Ω–∞ –∫—É—Ä—Å–æ–≤–æ–π
                                                   –ø—Ä–æ–µ–∫—Ç –Ω–µ–æ–±—Ö–æ...

You may provide a definition with
\DeclareUnicodeCharacter 


! Package inputenc Error: Unicode character –ø (U+043F)
(inputenc)                not set up for use with LaTeX.

See the inputenc package documentation for explanation.
Type  H <return>  for immediate help.
 ...                                              
                                                  
l.3 ...Å –∑–∞–¥–∞–Ω–∏–µ–º –Ω–∞ –∫—É—Ä—Å–æ–≤–æ–π –ø
                                                  —Ä–æ–µ–∫—Ç –Ω–µ–æ–±—Ö–æ–¥–...

You may provide a definition with
\DeclareUnicodeCharacter 


! Package inputenc Error: Unicode character —Ä (U+0440)
(inputenc)                not set up for use with LaTeX.

See the inputenc package documentation for explanation.
Type  H <return>  for immediate help.
 ...                                              
                                                  
l.3 ...–∑–∞–¥–∞–Ω–∏–µ–º –Ω–∞ –∫—É—Ä—Å–æ–≤–æ–π –ø—Ä
                                                  –æ–µ–∫—Ç –Ω–µ–æ–±—Ö–æ–¥–∏–...

You may provide a definition with
\DeclareUnicodeCharacter 


! Package inputenc Error: Unicode character –æ (U+043E)
(inputenc)                not set up for use with LaTeX.

See the inputenc package documentation for explanation.
Type  H <return>  for immediate help.
 ...                                              
                                                  
l.3 ...–∞–¥–∞–Ω–∏–µ–º –Ω–∞ –∫—É—Ä—Å–æ–≤–æ–π –ø—Ä–æ
                                                  –µ–∫—Ç –Ω–µ–æ–±—Ö–æ–¥–∏–º–...

You may provide a definition with
\DeclareUnicodeCharacter 


! Package inputenc Error: Unicode character –µ (U+0435)
(inputenc)                not set up for use with LaTeX.

See the inputenc package documentation for explanation.
Type  H <return>  for immediate help.
 ...                                              
                                                  
l.3 ...–¥–∞–Ω–∏–µ–º –Ω–∞ –∫—É—Ä—Å–æ–≤–æ–π –ø—Ä–æ–µ
                                                  –∫—Ç –Ω–µ–æ–±—Ö–æ–¥–∏–º–æ ...

You may provide a definition with
\DeclareUnicodeCharacter 


! Package inputenc Error: Unicode character –∫ (U+043A)
(inputenc)                not set up for use with LaTeX.

See the inputenc package documentation for explanation.
Type  H <return>  for immediate help.
 ...                                              
                                                  
l.3 ...–∞–Ω–∏–µ–º –Ω–∞ –∫—É—Ä—Å–æ–≤–æ–π –ø—Ä–æ–µ–∫
                                                  —Ç –Ω–µ–æ–±—Ö–æ–¥–∏–º–æ —Ä...

You may provide a definition with
\DeclareUnicodeCharacter 


! Package inputenc Error: Unicode character —Ç (U+0442)
(inputenc)                not set up for use with LaTeX.

See the inputenc package documentation for explanation.
Type  H <return>  for immediate help.
 ...                                              
                                                  
l.3 ...–Ω–∏–µ–º –Ω–∞ –∫—É—Ä—Å–æ–≤–æ–π –ø—Ä–æ–µ–∫—Ç
                                                   –Ω–µ–æ–±—Ö–æ–¥–∏–º–æ —Ä–∞...

You may provide a definition with
\DeclareUnicodeCharacter 


! Package inputenc Error: Unicode character –Ω (U+043D)
(inputenc)                not set up for use with LaTeX.

See the inputenc package documentation for explanation.
Type  H <return>  for immediate help.
 ...                                              
                                                  
l.3 ...∏–µ–º –Ω–∞ –∫—É—Ä—Å–æ–≤–æ–π –ø—Ä–æ–µ–∫—Ç –Ω
                                                  –µ–æ–±—Ö–æ–¥–∏–º–æ —Ä–∞–∑—...

You may provide a definition with
\DeclareUnicodeCharacter 


! Package inputenc Error: Unicode character –µ (U+0435)
(inputenc)                not set up for use with LaTeX.

See the inputenc package documentation for explanation.
Type  H <return>  for immediate help.
 ...                                              
                                                  
l.3 ...µ–º –Ω–∞ –∫—É—Ä—Å–æ–≤–æ–π –ø—Ä–æ–µ–∫—Ç –Ω–µ
                                                  –æ–±—Ö–æ–¥–∏–º–æ —Ä–∞–∑—Ä–...

You may provide a definition with
\DeclareUnicodeCharacter 


! Package inputenc Error: Unicode character –æ (U+043E)
(inputenc)                not set up for use with LaTeX.

See the inputenc package documentation for explanation.
Type  H <return>  for immediate help.
 ...                                              
                                                  
l.3 ...º –Ω–∞ –∫—É—Ä—Å–æ–≤–æ–π –ø—Ä–æ–µ–∫—Ç –Ω–µ–æ
                                                  –±—Ö–æ–¥–∏–º–æ —Ä–∞–∑—Ä–∞–...

You may provide a definition with
\DeclareUnicodeCharacter 


! Package inputenc Error: Unicode character –± (U+0431)
(inputenc)                not set up for use with LaTeX.

See the inputenc package documentation for explanation.
Type  H <return>  for immediate help.
 ...                                              
                                                  
l.3 ...–Ω–∞ –∫—É—Ä—Å–æ–≤–æ–π –ø—Ä–æ–µ–∫—Ç –Ω–µ–æ–±
                                                  —Ö–æ–¥–∏–º–æ —Ä–∞–∑—Ä–∞–±–...

You may provide a definition with
\DeclareUnicodeCharacter 


! Package inputenc Error: Unicode character —Ö (U+0445)
(inputenc)                not set up for use with LaTeX.

See the inputenc package documentation for explanation.
Type  H <return>  for immediate help.
 ...                                              
                                                  
l.3 ...–∞ –∫—É—Ä—Å–æ–≤–æ–π –ø—Ä–æ–µ–∫—Ç –Ω–µ–æ–±—Ö
                                                  –æ–¥–∏–º–æ —Ä–∞–∑—Ä–∞–±–æ—...

You may provide a definition with
\DeclareUnicodeCharacter 


! Package inputenc Error: Unicode character –æ (U+043E)
(inputenc)                not set up for use with LaTeX.

See the inputenc package documentation for explanation.
Type  H <return>  for immediate help.
 ...                                              
                                                  
l.3 ... –∫—É—Ä—Å–æ–≤–æ–π –ø—Ä–æ–µ–∫—Ç –Ω–µ–æ–±—Ö–æ
                                                  –¥–∏–º–æ —Ä–∞–∑—Ä–∞–±–æ—Ç–...

You may provide a definition with
\DeclareUnicodeCharacter 


! Package inputenc Error: Unicode character –¥ (U+0434)
(inputenc)                not set up for use with LaTeX.

See the inputenc package documentation for explanation.
Type  H <return>  for immediate help.
 ...                                              
                                                  
l.3 ...∫—É—Ä—Å–æ–≤–æ–π –ø—Ä–æ–µ–∫—Ç –Ω–µ–æ–±—Ö–æ–¥
                                                  –∏–º–æ —Ä–∞–∑—Ä–∞–±–æ—Ç–∞—...

You may provide a definition with
\DeclareUnicodeCharacter 


! Package inputenc Error: Unicode character –∏ (U+0438)
(inputenc)                not set up for use with LaTeX.

See the inputenc package documentation for explanation.
Type  H <return>  for immediate help.
 ...                                              
                                                  
l.3 ...É—Ä—Å–æ–≤–æ–π –ø—Ä–æ–µ–∫—Ç –Ω–µ–æ–±—Ö–æ–¥–∏
                                                  –º–æ —Ä–∞–∑—Ä–∞–±–æ—Ç–∞—Ç—...

You may provide a definition with
\DeclareUnicodeCharacter 


! Package inputenc Error: Unicode character –º (U+043C)
(inputenc)                not set up for use with LaTeX.

See the inputenc package documentation for explanation.
Type  H <return>  for immediate help.
 ...                                              
                                                  
l.3 ...Ä—Å–æ–≤–æ–π –ø—Ä–æ–µ–∫—Ç –Ω–µ–æ–±—Ö–æ–¥–∏–º
                                                  –æ —Ä–∞–∑—Ä–∞–±–æ—Ç–∞—Ç—å ...

You may provide a definition with
\DeclareUnicodeCharacter 


! Package inputenc Error: Unicode character –æ (U+043E)
(inputenc)                not set up for use with LaTeX.

See the inputenc package documentation for explanation.
Type  H <return>  for immediate help.
 ...                                              
                                                  
l.3 ...Å–æ–≤–æ–π –ø—Ä–æ–µ–∫—Ç –Ω–µ–æ–±—Ö–æ–¥–∏–º–æ
                                                   —Ä–∞–∑—Ä–∞–±–æ—Ç–∞—Ç—å –º...

You may provide a definition with
\DeclareUnicodeCharacter 


! Package inputenc Error: Unicode character —Ä (U+0440)
(inputenc)                not set up for use with LaTeX.

See the inputenc package documentation for explanation.
Type  H <return>  for immediate help.
 ...                                              
                                                  
l.3 ...–≤–æ–π –ø—Ä–æ–µ–∫—Ç –Ω–µ–æ–±—Ö–æ–¥–∏–º–æ —Ä
                                                  –∞–∑—Ä–∞–±–æ—Ç–∞—Ç—å –º–æ–...

You may provide a definition with
\DeclareUnicodeCharacter 


! Package inputenc Error: Unicode character –∞ (U+0430)
(inputenc)                not set up for use with LaTeX.

See the inputenc package documentation for explanation.
Type  H <return>  for immediate help.
 ...                                              
                                                  
l.3 ...–æ–π –ø—Ä–æ–µ–∫—Ç –Ω–µ–æ–±—Ö–æ–¥–∏–º–æ —Ä–∞
                                                  –∑—Ä–∞–±–æ—Ç–∞—Ç—å –º–æ–¥—...

You may provide a definition with
\DeclareUnicodeCharacter 


! Package inputenc Error: Unicode character –∑ (U+0437)
(inputenc)                not set up for use with LaTeX.

See the inputenc package documentation for explanation.
Type  H <return>  for immediate help.
 ...                                              
                                                  
l.3 ...–π –ø—Ä–æ–µ–∫—Ç –Ω–µ–æ–±—Ö–æ–¥–∏–º–æ —Ä–∞–∑
                                                  —Ä–∞–±–æ—Ç–∞—Ç—å –º–æ–¥—É–...

You may provide a definition with
\DeclareUnicodeCharacter 


! Package inputenc Error: Unicode character —Ä (U+0440)
(inputenc)                not set up for use with LaTeX.

See the inputenc package documentation for explanation.
Type  H <return>  for immediate help.
 ...                                              
                                                  
l.3 ... –ø—Ä–æ–µ–∫—Ç –Ω–µ–æ–±—Ö–æ–¥–∏–º–æ —Ä–∞–∑—Ä
                                                  –∞–±–æ—Ç–∞—Ç—å –º–æ–¥—É–ª—...

You may provide a definition with
\DeclareUnicodeCharacter 


! Package inputenc Error: Unicode character –∞ (U+0430)
(inputenc)                not set up for use with LaTeX.

See the inputenc package documentation for explanation.
Type  H <return>  for immediate help.
 ...                                              
                                                  
l.3 ...ø—Ä–æ–µ–∫—Ç –Ω–µ–æ–±—Ö–æ–¥–∏–º–æ —Ä–∞–∑—Ä–∞
                                                  –±–æ—Ç–∞—Ç—å –º–æ–¥—É–ª—å ...

You may provide a definition with
\DeclareUnicodeCharacter 


! Package inputenc Error: Unicode character –± (U+0431)
(inputenc)                not set up for use with LaTeX.

See the inputenc package documentation for explanation.
Type  H <return>  for immediate help.
 ...                                              
                                                  
l.3 ...Ä–æ–µ–∫—Ç –Ω–µ–æ–±—Ö–æ–¥–∏–º–æ —Ä–∞–∑—Ä–∞–±
                                                  –æ—Ç–∞—Ç—å –º–æ–¥—É–ª—å —è...

You may provide a definition with
\DeclareUnicodeCharacter 


! Package inputenc Error: Unicode character –æ (U+043E)
(inputenc)                not set up for use with LaTeX.

See the inputenc package documentation for explanation.
Type  H <return>  for immediate help.
 ...                                              
                                                  
l.3 ...æ–µ–∫—Ç –Ω–µ–æ–±—Ö–æ–¥–∏–º–æ —Ä–∞–∑—Ä–∞–±–æ
                                                  —Ç–∞—Ç—å –º–æ–¥—É–ª—å —è–¥...

You may provide a definition with
\DeclareUnicodeCharacter 


! Package inputenc Error: Unicode character —Ç (U+0442)
(inputenc)                not set up for use with LaTeX.

See the inputenc package documentation for explanation.
Type  H <return>  for immediate help.
 ...                                              
                                                  
l.3 ...µ–∫—Ç –Ω–µ–æ–±—Ö–æ–¥–∏–º–æ —Ä–∞–∑—Ä–∞–±–æ—Ç
                                                  –∞—Ç—å –º–æ–¥—É–ª—å —è–¥—Ä...

You may provide a definition with
\DeclareUnicodeCharacter 


! Package inputenc Error: Unicode character –∞ (U+0430)
(inputenc)                not set up for use with LaTeX.

See the inputenc package documentation for explanation.
Type  H <return>  for immediate help.
 ...                                              
                                                  
l.3 ...∫—Ç –Ω–µ–æ–±—Ö–æ–¥–∏–º–æ —Ä–∞–∑—Ä–∞–±–æ—Ç–∞
                                                  —Ç—å –º–æ–¥—É–ª—å —è–¥—Ä–∞...

You may provide a definition with
\DeclareUnicodeCharacter 


! Package inputenc Error: Unicode character —Ç (U+0442)
(inputenc)                not set up for use with LaTeX.

See the inputenc package documentation for explanation.
Type  H <return>  for immediate help.
 ...                                              
                                                  
l.3 ...Ç –Ω–µ–æ–±—Ö–æ–¥–∏–º–æ —Ä–∞–∑—Ä–∞–±–æ—Ç–∞—Ç
                                                  —å –º–æ–¥—É–ª—å —è–¥—Ä–∞ –...

You may provide a definition with
\DeclareUnicodeCharacter 


! Package inputenc Error: Unicode character —å (U+044C)
(inputenc)                not set up for use with LaTeX.

See the inputenc package documentation for explanation.
Type  H <return>  for immediate help.
 ...                                              
                                                  
l.3 ...–Ω–µ–æ–±—Ö–æ–¥–∏–º–æ —Ä–∞–∑—Ä–∞–±–æ—Ç–∞—Ç—å
                                                   –º–æ–¥—É–ª—å —è–¥—Ä–∞ –¥–...

You may provide a definition with
\DeclareUnicodeCharacter 


! Package inputenc Error: Unicode character –º (U+043C)
(inputenc)                not set up for use with LaTeX.

See the inputenc package documentation for explanation.
Type  H <return>  for immediate help.
 ...                                              
                                                  
l.3 ...µ–æ–±—Ö–æ–¥–∏–º–æ —Ä–∞–∑—Ä–∞–±–æ—Ç–∞—Ç—å –º
                                                  –æ–¥—É–ª—å —è–¥—Ä–∞ –¥–ª—è...

You may provide a definition with
\DeclareUnicodeCharacter 


! Package inputenc Error: Unicode character –æ (U+043E)
(inputenc)                not set up for use with LaTeX.

See the inputenc package documentation for explanation.
Type  H <return>  for immediate help.
 ...                                              
                                                  
l.3 ...æ–±—Ö–æ–¥–∏–º–æ —Ä–∞–∑—Ä–∞–±–æ—Ç–∞—Ç—å –º–æ
                                                  –¥—É–ª—å —è–¥—Ä–∞ –¥–ª—è —...

You may provide a definition with
\DeclareUnicodeCharacter 


! Package inputenc Error: Unicode character –¥ (U+0434)
(inputenc)                not set up for use with LaTeX.

See the inputenc package documentation for explanation.
Type  H <return>  for immediate help.
 ...                                              
                                                  
l.3 ...±—Ö–æ–¥–∏–º–æ —Ä–∞–∑—Ä–∞–±–æ—Ç–∞—Ç—å –º–æ–¥
                                                  —É–ª—å —è–¥—Ä–∞ –¥–ª—è —É–...

You may provide a definition with
\DeclareUnicodeCharacter 


! Package inputenc Error: Unicode character —É (U+0443)
(inputenc)                not set up for use with LaTeX.

See the inputenc package documentation for explanation.
Type  H <return>  for immediate help.
 ...                                              
                                                  
l.3 ...Ö–æ–¥–∏–º–æ —Ä–∞–∑—Ä–∞–±–æ—Ç–∞—Ç—å –º–æ–¥—É
                                                  –ª—å —è–¥—Ä–∞ –¥–ª—è —É–ø—...
(That makes 100 errors; please try again.) 
Here is how much of TeX's memory you used:
 43 strings out of 481270
 792 string characters out of 2908470
 277827 words of memory out of 3000000
 17354 multiletter control sequences out of 15000+200000
 403430 words of font info for 27 fonts, out of 3000000 for 9000
 0 hyphenation exceptions out of 8191
 13i,0n,15p,267b,30s stack positions out of 5000i,500n,10000p,200000b,50000s

!  ==> Fatal error occurred, no output PDF file produced!
