\BOOKMARK [1][-]{Doc-Start}{\376\377\004\022\004\062\004\065\004\064\004\065\004\075\004\070\004\065}{}% 1
\BOOKMARK [1][-]{section.1}{\376\377\004\020\004\075\004\060\004\073\004\070\004\102\004\070\004\107\004\065\004\101\004\072\004\070\004\071\000\040\004\100\004\060\004\067\004\064\004\065\004\073}{}% 2
\BOOKMARK [2][-]{subsection.1.1}{\376\377\004\037\004\100\004\076\004\106\004\065\004\101\004\101\000\040\004\076\004\061\004\100\004\060\004\061\004\076\004\102\004\072\004\070\000\040\004\077\004\100\004\065\004\100\004\113\004\062\004\060\004\075\004\070\004\071}{section.1}% 3
\BOOKMARK [3][-]{subsubsection.1.1.1}{\376\377\004\032\004\076\004\075\004\102\004\100\004\076\004\073\004\073\004\065\004\100\000\040\004\077\004\100\004\065\004\100\004\113\004\062\004\060\004\075\004\070\004\071}{subsection.1.1}% 4
\BOOKMARK [3][-]{subsubsection.1.1.2}{\376\377\004\036\004\061\004\100\004\060\004\061\004\076\004\102\004\107\004\070\004\072\000\040\004\077\004\100\004\065\004\100\004\113\004\062\004\060\004\075\004\070\004\071}{subsection.1.1}% 5
\BOOKMARK [2][-]{subsection.1.2}{\376\377\004\036\004\102\004\073\004\076\004\066\004\065\004\075\004\075\004\076\004\065\000\040\004\064\004\065\004\071\004\101\004\102\004\062\004\070\004\065}{section.1}% 6
\BOOKMARK [2][-]{subsection.1.3}{\376\377\004\037\004\100\004\076\004\106\004\065\004\064\004\103\004\100\004\113\000\040\004\064\004\076\004\101\004\102\004\103\004\077\004\060\000\040\004\072\000\040\004\077\004\076\004\100\004\102\004\060\004\074\000\040\004\062\004\062\004\076\004\064\004\060\000/\004\062\004\113\004\062\004\076\004\064\004\060}{section.1}% 7
\BOOKMARK [2][-]{subsection.1.4}{\376\377\004\024\004\100\004\060\004\071\004\062\004\065\004\100\000\040\004\101\004\070\004\074\004\062\004\076\004\073\004\114\004\075\004\113\004\105\000\040\004\103\004\101\004\102\004\100\004\076\004\071\004\101\004\102\004\062}{section.1}% 8
\BOOKMARK [3][-]{subsubsection.1.4.1}{\376\377\004\041\004\102\004\060\004\100\004\110\004\070\004\071\000\040\004\070\000\040\004\074\004\073\004\060\004\064\004\110\004\070\004\071\000\040\004\075\004\076\004\074\004\065\004\100\004\060\000\040\004\103\004\101\004\102\004\100\004\076\004\071\004\101\004\102\004\062}{subsection.1.4}% 9
\BOOKMARK [3][-]{subsubsection.1.4.2}{\376\377\004\041\004\102\004\100\004\103\004\072\004\102\004\103\004\100\004\113\000\040\004\064\004\060\004\075\004\075\004\113\004\105\000\040\004\101\004\070\004\074\004\062\004\076\004\073\004\114\004\075\004\076\004\063\004\076\000\040\004\103\004\101\004\102\004\100\004\076\004\071\004\101\004\102\004\062\004\060}{subsection.1.4}% 10
\BOOKMARK [3][-]{subsubsection.1.4.3}{\376\377\004\040\004\065\004\063\004\070\004\101\004\102\004\100\004\060\004\106\004\070\004\117\000\040\004\101\004\070\004\074\004\062\004\076\004\073\004\114\004\075\004\113\004\105\000\040\004\103\004\101\004\102\004\100\004\076\004\071\004\101\004\102\004\062}{subsection.1.4}% 11
\BOOKMARK [3][-]{subsubsection.1.4.4}{\376\377\004\022\004\113\004\062\004\076\004\064}{subsection.1.4}% 12
\BOOKMARK [2][-]{subsection.1.5}{\376\377\004\037\004\076\004\064\004\101\004\070\004\101\004\102\004\065\004\074\004\060\000\040\004\062\004\062\004\076\004\064\004\060\000\040\004\117\004\064\004\100\004\060}{section.1}% 13
\BOOKMARK [1][-]{section.2}{\376\377\004\032\004\076\004\075\004\101\004\102\004\100\004\103\004\072\004\102\004\076\004\100\004\070\004\101\004\072\004\070\004\071\000\040\004\100\004\060\004\067\004\064\004\065\004\073}{}% 14
\BOOKMARK [2][-]{subsection.2.1}{\376\377\004\040\004\065\004\060\004\073\004\070\004\067\004\060\004\106\004\070\004\117\000\040\004\074\004\076\004\064\004\103\004\073\004\117\000\040\004\117\004\064\004\100\004\060}{section.2}% 15
\BOOKMARK [2][-]{subsection.2.2}{\376\377\004\036\004\101\004\075\004\076\004\062\004\075\004\065\004\113\004\065\000\040\004\101\004\102\004\100\004\103\004\072\004\102\004\103\004\100\004\113\000\040\004\077\004\100\004\076\004\063\004\100\004\060\004\074\004\074\004\113}{section.2}% 16
\BOOKMARK [2][-]{subsection.2.3}{\376\377\004\044\004\076\004\100\004\074\004\060\004\102\000\040\004\072\004\076\004\075\004\104\004\070\004\063\004\103\004\100\004\060\004\106\004\070\004\070\000\040\004\076\004\102\000\040\004\077\004\076\004\073\004\114\004\067\004\076\004\062\004\060\004\102\004\065\004\073\004\065\004\071}{section.2}% 17
\BOOKMARK [2][-]{subsection.2.4}{\376\377\004\040\004\065\004\060\004\073\004\070\004\067\004\060\004\106\004\070\004\117\000\040\004\076\004\061\004\100\004\060\004\061\004\076\004\102\004\107\004\070\004\072\004\060\000\040\004\077\004\100\004\065\004\100\004\113\004\062\004\060\004\075\004\070\004\071}{section.2}% 18
\BOOKMARK [1][-]{section.3}{\376\377\004\042\004\065\004\105\004\075\004\076\004\073\004\076\004\063\004\070\004\107\004\065\004\101\004\072\004\070\004\071\000\040\004\100\004\060\004\067\004\064\004\065\004\073}{}% 19
\BOOKMARK [2][-]{subsection.3.1}{\376\377\004\022\004\113\004\061\004\076\004\100\000\040\004\070\004\075\004\101\004\102\004\100\004\103\004\074\004\065\004\075\004\102\004\060\004\100\004\070\004\117}{section.3}% 20
\BOOKMARK [3][-]{subsubsection.3.1.1}{\376\377\004\057\004\067\004\113\004\065\000\040\004\077\004\100\004\076\004\063\004\100\004\060\004\074\004\074\004\070\004\100\004\076\004\062\004\060\004\075\004\070\004\117}{subsection.3.1}% 21
\BOOKMARK [3][-]{subsubsection.3.1.2}{\376\377\004\041\004\100\004\065\004\064\004\060\000\040\004\100\004\060\004\067\004\100\004\060\004\061\004\076\004\102\004\072\004\070}{subsection.3.1}% 22
\BOOKMARK [2][-]{subsection.3.2}{\376\377\004\040\004\065\004\060\004\073\004\070\004\067\004\060\004\106\004\070\004\117}{section.3}% 23
\BOOKMARK [3][-]{subsubsection.3.2.1}{\376\377\000M\000a\000k\000e\000f\000i\000l\000e}{subsection.3.2}% 24
\BOOKMARK [3][-]{subsubsection.3.2.2}{\376\377\004\027\004\060\004\063\004\100\004\103\004\066\004\060\004\065\004\074\004\113\004\071\000\040\004\074\004\076\004\064\004\103\004\073\004\114\000\040\004\117\004\064\004\100\004\060}{subsection.3.2}% 25
\BOOKMARK [1][-]{lstnumber.7.17}{\376\377\004\027\004\060\004\072\004\073\004\116\004\107\004\065\004\075\004\070\004\065}{}% 26
\BOOKMARK [1][-]{Item.47}{\376\377\004\041\004\077\004\070\004\101\004\076\004\072\000\040\004\073\004\070\004\102\004\065\004\100\004\060\004\102\004\103\004\100\004\113}{}% 27
\BOOKMARK [1][-]{Item.47}{\376\377\004\037\004\100\004\070\004\073\004\076\004\066\004\065\004\075\004\070\004\065}{}% 28
