This is pdfTeX, Version 3.14159265-2.6-1.40.21 (MiKTeX 20.6.29) (preloaded format=pdflatex 2020.9.16)  4 DEC 2020 09:19
entering extended mode
**./analytical.tex
(analytical.tex
LaTeX2e <2020-02-02> patch level 5
L3 programming layer <2020-06-18>
! Undefined control sequence.
l.1 \section
            {–ê–Ω–∞–ª–∏—Ç–∏—á–µ—Å–∫–∏–π —Ä–∞–∑–¥–µ–ª}
The control sequence at the end of the top line
of your error message was never \def'ed. If you have
misspelled it (e.g., `\hobx'), type `I' and the correct
spelling (e.g., `I\hbox'). Otherwise just continue,
and I'll forget about whatever was undefined.


! Package inputenc Error: Unicode character –ê (U+0410)
(inputenc)                not set up for use with LaTeX.

See the inputenc package documentation for explanation.
Type  H <return>  for immediate help.
 ...                                              
                                                  
l.1 \section{–ê
               –Ω–∞–ª–∏—Ç–∏—á–µ—Å–∫–∏–π —Ä–∞–∑–¥–µ–ª}
You may provide a definition with
\DeclareUnicodeCharacter 


! Package inputenc Error: Unicode character –Ω (U+043D)
(inputenc)                not set up for use with LaTeX.

See the inputenc package documentation for explanation.
Type  H <return>  for immediate help.
 ...                                              
                                                  
l.1 \section{–ê–Ω
                 –∞–ª–∏—Ç–∏—á–µ—Å–∫–∏–π —Ä–∞–∑–¥–µ–ª}
You may provide a definition with
\DeclareUnicodeCharacter 


! Package inputenc Error: Unicode character –∞ (U+0430)
(inputenc)                not set up for use with LaTeX.

See the inputenc package documentation for explanation.
Type  H <return>  for immediate help.
 ...                                              
                                                  
l.1 \section{–ê–Ω–∞
                   –ª–∏—Ç–∏—á–µ—Å–∫–∏–π —Ä–∞–∑–¥–µ–ª}
You may provide a definition with
\DeclareUnicodeCharacter 


! Package inputenc Error: Unicode character –ª (U+043B)
(inputenc)                not set up for use with LaTeX.

See the inputenc package documentation for explanation.
Type  H <return>  for immediate help.
 ...                                              
                                                  
l.1 \section{–ê–Ω–∞–ª
                     –∏—Ç–∏—á–µ—Å–∫–∏–π —Ä–∞–∑–¥–µ–ª}
You may provide a definition with
\DeclareUnicodeCharacter 


! Package inputenc Error: Unicode character –∏ (U+0438)
(inputenc)                not set up for use with LaTeX.

See the inputenc package documentation for explanation.
Type  H <return>  for immediate help.
 ...                                              
                                                  
l.1 \section{–ê–Ω–∞–ª–∏
                       —Ç–∏—á–µ—Å–∫–∏–π —Ä–∞–∑–¥–µ–ª}
You may provide a definition with
\DeclareUnicodeCharacter 


! Package inputenc Error: Unicode character —Ç (U+0442)
(inputenc)                not set up for use with LaTeX.

See the inputenc package documentation for explanation.
Type  H <return>  for immediate help.
 ...                                              
                                                  
l.1 \section{–ê–Ω–∞–ª–∏—Ç
                         –∏—á–µ—Å–∫–∏–π —Ä–∞–∑–¥–µ–ª}
You may provide a definition with
\DeclareUnicodeCharacter 


! Package inputenc Error: Unicode character –∏ (U+0438)
(inputenc)                not set up for use with LaTeX.

See the inputenc package documentation for explanation.
Type  H <return>  for immediate help.
 ...                                              
                                                  
l.1 \section{–ê–Ω–∞–ª–∏—Ç–∏
                           —á–µ—Å–∫–∏–π —Ä–∞–∑–¥–µ–ª}
You may provide a definition with
\DeclareUnicodeCharacter 


! Package inputenc Error: Unicode character —á (U+0447)
(inputenc)                not set up for use with LaTeX.

See the inputenc package documentation for explanation.
Type  H <return>  for immediate help.
 ...                                              
                                                  
l.1 \section{–ê–Ω–∞–ª–∏—Ç–∏—á
                             –µ—Å–∫–∏–π —Ä–∞–∑–¥–µ–ª}
You may provide a definition with
\DeclareUnicodeCharacter 


! Package inputenc Error: Unicode character –µ (U+0435)
(inputenc)                not set up for use with LaTeX.

See the inputenc package documentation for explanation.
Type  H <return>  for immediate help.
 ...                                              
                                                  
l.1 \section{–ê–Ω–∞–ª–∏—Ç–∏—á–µ
                               —Å–∫–∏–π —Ä–∞–∑–¥–µ–ª}
You may provide a definition with
\DeclareUnicodeCharacter 


! Package inputenc Error: Unicode character —Å (U+0441)
(inputenc)                not set up for use with LaTeX.

See the inputenc package documentation for explanation.
Type  H <return>  for immediate help.
 ...                                              
                                                  
l.1 \section{–ê–Ω–∞–ª–∏—Ç–∏—á–µ—Å
                                 –∫–∏–π —Ä–∞–∑–¥–µ–ª}
You may provide a definition with
\DeclareUnicodeCharacter 


! Package inputenc Error: Unicode character –∫ (U+043A)
(inputenc)                not set up for use with LaTeX.

See the inputenc package documentation for explanation.
Type  H <return>  for immediate help.
 ...                                              
                                                  
l.1 \section{–ê–Ω–∞–ª–∏—Ç–∏—á–µ—Å–∫
                                   –∏–π —Ä–∞–∑–¥–µ–ª}
You may provide a definition with
\DeclareUnicodeCharacter 


! Package inputenc Error: Unicode character –∏ (U+0438)
(inputenc)                not set up for use with LaTeX.

See the inputenc package documentation for explanation.
Type  H <return>  for immediate help.
 ...                                              
                                                  
l.1 \section{–ê–Ω–∞–ª–∏—Ç–∏—á–µ—Å–∫–∏
                                     –π —Ä–∞–∑–¥–µ–ª}
You may provide a definition with
\DeclareUnicodeCharacter 


! Package inputenc Error: Unicode character –π (U+0439)
(inputenc)                not set up for use with LaTeX.

See the inputenc package documentation for explanation.
Type  H <return>  for immediate help.
 ...                                              
                                                  
l.1 \section{–ê–Ω–∞–ª–∏—Ç–∏—á–µ—Å–∫–∏–π
                                        —Ä–∞–∑–¥–µ–ª}
You may provide a definition with
\DeclareUnicodeCharacter 


! Package inputenc Error: Unicode character —Ä (U+0440)
(inputenc)                not set up for use with LaTeX.

See the inputenc package documentation for explanation.
Type  H <return>  for immediate help.
 ...                                              
                                                  
l.1 \section{–ê–Ω–∞–ª–∏—Ç–∏—á–µ—Å–∫–∏–π —Ä
                                          –∞–∑–¥–µ–ª}
You may provide a definition with
\DeclareUnicodeCharacter 


! Package inputenc Error: Unicode character –∞ (U+0430)
(inputenc)                not set up for use with LaTeX.

See the inputenc package documentation for explanation.
Type  H <return>  for immediate help.
 ...                                              
                                                  
l.1 \section{–ê–Ω–∞–ª–∏—Ç–∏—á–µ—Å–∫–∏–π —Ä–∞
                                            –∑–¥–µ–ª}
You may provide a definition with
\DeclareUnicodeCharacter 


! Package inputenc Error: Unicode character –∑ (U+0437)
(inputenc)                not set up for use with LaTeX.

See the inputenc package documentation for explanation.
Type  H <return>  for immediate help.
 ...                                              
                                                  
l.1 \section{–ê–Ω–∞–ª–∏—Ç–∏—á–µ—Å–∫–∏–π —Ä–∞–∑
                                              –¥–µ–ª}
You may provide a definition with
\DeclareUnicodeCharacter 


! Package inputenc Error: Unicode character –¥ (U+0434)
(inputenc)                not set up for use with LaTeX.

See the inputenc package documentation for explanation.
Type  H <return>  for immediate help.
 ...                                              
                                                  
l.1 \section{–ê–Ω–∞–ª–∏—Ç–∏—á–µ—Å–∫–∏–π —Ä–∞–∑–¥
                                                –µ–ª}
You may provide a definition with
\DeclareUnicodeCharacter 


! Package inputenc Error: Unicode character –µ (U+0435)
(inputenc)                not set up for use with LaTeX.

See the inputenc package documentation for explanation.
Type  H <return>  for immediate help.
 ...                                              
                                                  
l.1 \section{–ê–Ω–∞–ª–∏—Ç–∏—á–µ—Å–∫–∏–π —Ä–∞–∑–¥–µ
                                                  –ª}
You may provide a definition with
\DeclareUnicodeCharacter 


! Package inputenc Error: Unicode character –ª (U+043B)
(inputenc)                not set up for use with LaTeX.

See the inputenc package documentation for explanation.
Type  H <return>  for immediate help.
 ...                                              
                                                  
l.1 ...ion{–ê–Ω–∞–ª–∏—Ç–∏—á–µ—Å–∫–∏–π —Ä–∞–∑–¥–µ–ª
                                                  }
You may provide a definition with
\DeclareUnicodeCharacter 

! Undefined control sequence.
l.2 \subsection
               {–¶–µ–ª—å —Ä–∞–±–æ—Ç—ã}
The control sequence at the end of the top line
of your error message was never \def'ed. If you have
misspelled it (e.g., `\hobx'), type `I' and the correct
spelling (e.g., `I\hbox'). Otherwise just continue,
and I'll forget about whatever was undefined.


! Package inputenc Error: Unicode character –¶ (U+0426)
(inputenc)                not set up for use with LaTeX.

See the inputenc package documentation for explanation.
Type  H <return>  for immediate help.
 ...                                              
                                                  
l.2 \subsection{–¶
                  –µ–ª—å —Ä–∞–±–æ—Ç—ã}
You may provide a definition with
\DeclareUnicodeCharacter 


! Package inputenc Error: Unicode character –µ (U+0435)
(inputenc)                not set up for use with LaTeX.

See the inputenc package documentation for explanation.
Type  H <return>  for immediate help.
 ...                                              
                                                  
l.2 \subsection{–¶–µ
                    –ª—å —Ä–∞–±–æ—Ç—ã}
You may provide a definition with
\DeclareUnicodeCharacter 


! Package inputenc Error: Unicode character –ª (U+043B)
(inputenc)                not set up for use with LaTeX.

See the inputenc package documentation for explanation.
Type  H <return>  for immediate help.
 ...                                              
                                                  
l.2 \subsection{–¶–µ–ª
                      —å —Ä–∞–±–æ—Ç—ã}
You may provide a definition with
\DeclareUnicodeCharacter 


! Package inputenc Error: Unicode character —å (U+044C)
(inputenc)                not set up for use with LaTeX.

See the inputenc package documentation for explanation.
Type  H <return>  for immediate help.
 ...                                              
                                                  
l.2 \subsection{–¶–µ–ª—å
                         —Ä–∞–±–æ—Ç—ã}
You may provide a definition with
\DeclareUnicodeCharacter 


! Package inputenc Error: Unicode character —Ä (U+0440)
(inputenc)                not set up for use with LaTeX.

See the inputenc package documentation for explanation.
Type  H <return>  for immediate help.
 ...                                              
                                                  
l.2 \subsection{–¶–µ–ª—å —Ä
                           –∞–±–æ—Ç—ã}
You may provide a definition with
\DeclareUnicodeCharacter 


! Package inputenc Error: Unicode character –∞ (U+0430)
(inputenc)                not set up for use with LaTeX.

See the inputenc package documentation for explanation.
Type  H <return>  for immediate help.
 ...                                              
                                                  
l.2 \subsection{–¶–µ–ª—å —Ä–∞
                             –±–æ—Ç—ã}
You may provide a definition with
\DeclareUnicodeCharacter 


! Package inputenc Error: Unicode character –± (U+0431)
(inputenc)                not set up for use with LaTeX.

See the inputenc package documentation for explanation.
Type  H <return>  for immediate help.
 ...                                              
                                                  
l.2 \subsection{–¶–µ–ª—å —Ä–∞–±
                               –æ—Ç—ã}
You may provide a definition with
\DeclareUnicodeCharacter 


! Package inputenc Error: Unicode character –æ (U+043E)
(inputenc)                not set up for use with LaTeX.

See the inputenc package documentation for explanation.
Type  H <return>  for immediate help.
 ...                                              
                                                  
l.2 \subsection{–¶–µ–ª—å —Ä–∞–±–æ
                                 —Ç—ã}
You may provide a definition with
\DeclareUnicodeCharacter 


! Package inputenc Error: Unicode character —Ç (U+0442)
(inputenc)                not set up for use with LaTeX.

See the inputenc package documentation for explanation.
Type  H <return>  for immediate help.
 ...                                              
                                                  
l.2 \subsection{–¶–µ–ª—å —Ä–∞–±–æ—Ç
                                   —ã}
You may provide a definition with
\DeclareUnicodeCharacter 


! Package inputenc Error: Unicode character —ã (U+044B)
(inputenc)                not set up for use with LaTeX.

See the inputenc package documentation for explanation.
Type  H <return>  for immediate help.
 ...                                              
                                                  
l.2 \subsection{–¶–µ–ª—å —Ä–∞–±–æ—Ç—ã
                                     }
You may provide a definition with
\DeclareUnicodeCharacter 


! Package inputenc Error: Unicode character –† (U+0420)
(inputenc)                not set up for use with LaTeX.

See the inputenc package documentation for explanation.
Type  H <return>  for immediate help.
 ...                                              
                                                  
l.3 –†
      –µ–∞–ª–∏–∑–æ–≤–∞—Ç—å –∫—Ä–∏—Ç–µ—Ä–∏–π –æ—Ü–µ–Ω–∫–∏ —Å–ª—É—á–∞–π–Ω–æ—Å—...

You may provide a definition with
\DeclareUnicodeCharacter 


! Package inputenc Error: Unicode character –µ (U+0435)
(inputenc)                not set up for use with LaTeX.

See the inputenc package documentation for explanation.
Type  H <return>  for immediate help.
 ...                                              
                                                  
l.3 –†–µ
        –∞–ª–∏–∑–æ–≤–∞—Ç—å –∫—Ä–∏—Ç–µ—Ä–∏–π –æ—Ü–µ–Ω–∫–∏ —Å–ª—É—á–∞–π–Ω–æ—Å—...

You may provide a definition with
\DeclareUnicodeCharacter 


! Package inputenc Error: Unicode character –∞ (U+0430)
(inputenc)                not set up for use with LaTeX.

See the inputenc package documentation for explanation.
Type  H <return>  for immediate help.
 ...                                              
                                                  
l.3 –†–µ–∞
          –ª–∏–∑–æ–≤–∞—Ç—å –∫—Ä–∏—Ç–µ—Ä–∏–π –æ—Ü–µ–Ω–∫–∏ —Å–ª—É—á–∞–π–Ω–æ—Å—...

You may provide a definition with
\DeclareUnicodeCharacter 


! Package inputenc Error: Unicode character –ª (U+043B)
(inputenc)                not set up for use with LaTeX.

See the inputenc package documentation for explanation.
Type  H <return>  for immediate help.
 ...                                              
                                                  
l.3 –†–µ–∞–ª
            –∏–∑–æ–≤–∞—Ç—å –∫—Ä–∏—Ç–µ—Ä–∏–π –æ—Ü–µ–Ω–∫–∏ —Å–ª—É—á–∞–π–Ω–æ—Å—...

You may provide a definition with
\DeclareUnicodeCharacter 


! Package inputenc Error: Unicode character –∏ (U+0438)
(inputenc)                not set up for use with LaTeX.

See the inputenc package documentation for explanation.
Type  H <return>  for immediate help.
 ...                                              
                                                  
l.3 –†–µ–∞–ª–∏
              –∑–æ–≤–∞—Ç—å –∫—Ä–∏—Ç–µ—Ä–∏–π –æ—Ü–µ–Ω–∫–∏ —Å–ª—É—á–∞–π–Ω–æ—Å—...

You may provide a definition with
\DeclareUnicodeCharacter 


! Package inputenc Error: Unicode character –∑ (U+0437)
(inputenc)                not set up for use with LaTeX.

See the inputenc package documentation for explanation.
Type  H <return>  for immediate help.
 ...                                              
                                                  
l.3 –†–µ–∞–ª–∏–∑
                –æ–≤–∞—Ç—å –∫—Ä–∏—Ç–µ—Ä–∏–π –æ—Ü–µ–Ω–∫–∏ —Å–ª—É—á–∞–π–Ω–æ—Å—...

You may provide a definition with
\DeclareUnicodeCharacter 


! Package inputenc Error: Unicode character –æ (U+043E)
(inputenc)                not set up for use with LaTeX.

See the inputenc package documentation for explanation.
Type  H <return>  for immediate help.
 ...                                              
                                                  
l.3 –†–µ–∞–ª–∏–∑–æ
                  –≤–∞—Ç—å –∫—Ä–∏—Ç–µ—Ä–∏–π –æ—Ü–µ–Ω–∫–∏ —Å–ª—É—á–∞–π–Ω–æ—Å—...

You may provide a definition with
\DeclareUnicodeCharacter 


! Package inputenc Error: Unicode character –≤ (U+0432)
(inputenc)                not set up for use with LaTeX.

See the inputenc package documentation for explanation.
Type  H <return>  for immediate help.
 ...                                              
                                                  
l.3 –†–µ–∞–ª–∏–∑–æ–≤
                    –∞—Ç—å –∫—Ä–∏—Ç–µ—Ä–∏–π –æ—Ü–µ–Ω–∫–∏ —Å–ª—É—á–∞–π–Ω–æ—Å—...

You may provide a definition with
\DeclareUnicodeCharacter 


! Package inputenc Error: Unicode character –∞ (U+0430)
(inputenc)                not set up for use with LaTeX.

See the inputenc package documentation for explanation.
Type  H <return>  for immediate help.
 ...                                              
                                                  
l.3 –†–µ–∞–ª–∏–∑–æ–≤–∞
                      —Ç—å –∫—Ä–∏—Ç–µ—Ä–∏–π –æ—Ü–µ–Ω–∫–∏ —Å–ª—É—á–∞–π–Ω–æ—Å—...

You may provide a definition with
\DeclareUnicodeCharacter 


! Package inputenc Error: Unicode character —Ç (U+0442)
(inputenc)                not set up for use with LaTeX.

See the inputenc package documentation for explanation.
Type  H <return>  for immediate help.
 ...                                              
                                                  
l.3 –†–µ–∞–ª–∏–∑–æ–≤–∞—Ç
                        —å –∫—Ä–∏—Ç–µ—Ä–∏–π –æ—Ü–µ–Ω–∫–∏ —Å–ª—É—á–∞–π–Ω–æ—Å—...

You may provide a definition with
\DeclareUnicodeCharacter 


! Package inputenc Error: Unicode character —å (U+044C)
(inputenc)                not set up for use with LaTeX.

See the inputenc package documentation for explanation.
Type  H <return>  for immediate help.
 ...                                              
                                                  
l.3 –†–µ–∞–ª–∏–∑–æ–≤–∞—Ç—å
                           –∫—Ä–∏—Ç–µ—Ä–∏–π –æ—Ü–µ–Ω–∫–∏ —Å–ª—É—á–∞–π–Ω–æ—Å—...

You may provide a definition with
\DeclareUnicodeCharacter 


! Package inputenc Error: Unicode character –∫ (U+043A)
(inputenc)                not set up for use with LaTeX.

See the inputenc package documentation for explanation.
Type  H <return>  for immediate help.
 ...                                              
                                                  
l.3 –†–µ–∞–ª–∏–∑–æ–≤–∞—Ç—å –∫
                             —Ä–∏—Ç–µ—Ä–∏–π –æ—Ü–µ–Ω–∫–∏ —Å–ª—É—á–∞–π–Ω–æ—Å—...

You may provide a definition with
\DeclareUnicodeCharacter 


! Package inputenc Error: Unicode character —Ä (U+0440)
(inputenc)                not set up for use with LaTeX.

See the inputenc package documentation for explanation.
Type  H <return>  for immediate help.
 ...                                              
                                                  
l.3 –†–µ–∞–ª–∏–∑–æ–≤–∞—Ç—å –∫—Ä
                               –∏—Ç–µ—Ä–∏–π –æ—Ü–µ–Ω–∫–∏ —Å–ª—É—á–∞–π–Ω–æ—Å—...

You may provide a definition with
\DeclareUnicodeCharacter 


! Package inputenc Error: Unicode character –∏ (U+0438)
(inputenc)                not set up for use with LaTeX.

See the inputenc package documentation for explanation.
Type  H <return>  for immediate help.
 ...                                              
                                                  
l.3 –†–µ–∞–ª–∏–∑–æ–≤–∞—Ç—å –∫—Ä–∏
                                 —Ç–µ—Ä–∏–π –æ—Ü–µ–Ω–∫–∏ —Å–ª—É—á–∞–π–Ω–æ—Å—...

You may provide a definition with
\DeclareUnicodeCharacter 


! Package inputenc Error: Unicode character —Ç (U+0442)
(inputenc)                not set up for use with LaTeX.

See the inputenc package documentation for explanation.
Type  H <return>  for immediate help.
 ...                                              
                                                  
l.3 –†–µ–∞–ª–∏–∑–æ–≤–∞—Ç—å –∫—Ä–∏—Ç
                                   –µ—Ä–∏–π –æ—Ü–µ–Ω–∫–∏ —Å–ª—É—á–∞–π–Ω–æ—Å—...

You may provide a definition with
\DeclareUnicodeCharacter 


! Package inputenc Error: Unicode character –µ (U+0435)
(inputenc)                not set up for use with LaTeX.

See the inputenc package documentation for explanation.
Type  H <return>  for immediate help.
 ...                                              
                                                  
l.3 –†–µ–∞–ª–∏–∑–æ–≤–∞—Ç—å –∫—Ä–∏—Ç–µ
                                     —Ä–∏–π –æ—Ü–µ–Ω–∫–∏ —Å–ª—É—á–∞–π–Ω–æ—Å—...

You may provide a definition with
\DeclareUnicodeCharacter 


! Package inputenc Error: Unicode character —Ä (U+0440)
(inputenc)                not set up for use with LaTeX.

See the inputenc package documentation for explanation.
Type  H <return>  for immediate help.
 ...                                              
                                                  
l.3 –†–µ–∞–ª–∏–∑–æ–≤–∞—Ç—å –∫—Ä–∏—Ç–µ—Ä
                                       –∏–π –æ—Ü–µ–Ω–∫–∏ —Å–ª—É—á–∞–π–Ω–æ—Å—...

You may provide a definition with
\DeclareUnicodeCharacter 


! Package inputenc Error: Unicode character –∏ (U+0438)
(inputenc)                not set up for use with LaTeX.

See the inputenc package documentation for explanation.
Type  H <return>  for immediate help.
 ...                                              
                                                  
l.3 –†–µ–∞–ª–∏–∑–æ–≤–∞—Ç—å –∫—Ä–∏—Ç–µ—Ä–∏
                                         –π –æ—Ü–µ–Ω–∫–∏ —Å–ª—É—á–∞–π–Ω–æ—Å—...

You may provide a definition with
\DeclareUnicodeCharacter 


! Package inputenc Error: Unicode character –π (U+0439)
(inputenc)                not set up for use with LaTeX.

See the inputenc package documentation for explanation.
Type  H <return>  for immediate help.
 ...                                              
                                                  
l.3 –†–µ–∞–ª–∏–∑–æ–≤–∞—Ç—å –∫—Ä–∏—Ç–µ—Ä–∏–π
                                            –æ—Ü–µ–Ω–∫–∏ —Å–ª—É—á–∞–π–Ω–æ—Å—...

You may provide a definition with
\DeclareUnicodeCharacter 


! Package inputenc Error: Unicode character –æ (U+043E)
(inputenc)                not set up for use with LaTeX.

See the inputenc package documentation for explanation.
Type  H <return>  for immediate help.
 ...                                              
                                                  
l.3 –†–µ–∞–ª–∏–∑–æ–≤–∞—Ç—å –∫—Ä–∏—Ç–µ—Ä–∏–π –æ
                                              —Ü–µ–Ω–∫–∏ —Å–ª—É—á–∞–π–Ω–æ—Å—...

You may provide a definition with
\DeclareUnicodeCharacter 


! Package inputenc Error: Unicode character —Ü (U+0446)
(inputenc)                not set up for use with LaTeX.

See the inputenc package documentation for explanation.
Type  H <return>  for immediate help.
 ...                                              
                                                  
l.3 –†–µ–∞–ª–∏–∑–æ–≤–∞—Ç—å –∫—Ä–∏—Ç–µ—Ä–∏–π –æ—Ü
                                                –µ–Ω–∫–∏ —Å–ª—É—á–∞–π–Ω–æ—Å—...

You may provide a definition with
\DeclareUnicodeCharacter 


! Package inputenc Error: Unicode character –µ (U+0435)
(inputenc)                not set up for use with LaTeX.

See the inputenc package documentation for explanation.
Type  H <return>  for immediate help.
 ...                                              
                                                  
l.3 –†–µ–∞–ª–∏–∑–æ–≤–∞—Ç—å –∫—Ä–∏—Ç–µ—Ä–∏–π –æ—Ü–µ
                                                  –Ω–∫–∏ —Å–ª—É—á–∞–π–Ω–æ—Å—...

You may provide a definition with
\DeclareUnicodeCharacter 


! Package inputenc Error: Unicode character –Ω (U+043D)
(inputenc)                not set up for use with LaTeX.

See the inputenc package documentation for explanation.
Type  H <return>  for immediate help.
 ...                                              
                                                  
l.3 ...∞–ª–∏–∑–æ–≤–∞—Ç—å –∫—Ä–∏—Ç–µ—Ä–∏–π –æ—Ü–µ–Ω
                                                  –∫–∏ —Å–ª—É—á–∞–π–Ω–æ—Å—Ç–...

You may provide a definition with
\DeclareUnicodeCharacter 


! Package inputenc Error: Unicode character –∫ (U+043A)
(inputenc)                not set up for use with LaTeX.

See the inputenc package documentation for explanation.
Type  H <return>  for immediate help.
 ...                                              
                                                  
l.3 ...ª–∏–∑–æ–≤–∞—Ç—å –∫—Ä–∏—Ç–µ—Ä–∏–π –æ—Ü–µ–Ω–∫
                                                  –∏ —Å–ª—É—á–∞–π–Ω–æ—Å—Ç–∏ ...

You may provide a definition with
\DeclareUnicodeCharacter 


! Package inputenc Error: Unicode character –∏ (U+0438)
(inputenc)                not set up for use with LaTeX.

See the inputenc package documentation for explanation.
Type  H <return>  for immediate help.
 ...                                              
                                                  
l.3 ...∏–∑–æ–≤–∞—Ç—å –∫—Ä–∏—Ç–µ—Ä–∏–π –æ—Ü–µ–Ω–∫–∏
                                                   —Å–ª—É—á–∞–π–Ω–æ—Å—Ç–∏ –ø...

You may provide a definition with
\DeclareUnicodeCharacter 


! Package inputenc Error: Unicode character —Å (U+0441)
(inputenc)                not set up for use with LaTeX.

See the inputenc package documentation for explanation.
Type  H <return>  for immediate help.
 ...                                              
                                                  
l.3 ...–æ–≤–∞—Ç—å –∫—Ä–∏—Ç–µ—Ä–∏–π –æ—Ü–µ–Ω–∫–∏ —Å
                                                  –ª—É—á–∞–π–Ω–æ—Å—Ç–∏ –ø–æ—...

You may provide a definition with
\DeclareUnicodeCharacter 


! Package inputenc Error: Unicode character –ª (U+043B)
(inputenc)                not set up for use with LaTeX.

See the inputenc package documentation for explanation.
Type  H <return>  for immediate help.
 ...                                              
                                                  
l.3 ...–≤–∞—Ç—å –∫—Ä–∏—Ç–µ—Ä–∏–π –æ—Ü–µ–Ω–∫–∏ —Å–ª
                                                  —É—á–∞–π–Ω–æ—Å—Ç–∏ –ø–æ—Å–...

You may provide a definition with
\DeclareUnicodeCharacter 


! Package inputenc Error: Unicode character —É (U+0443)
(inputenc)                not set up for use with LaTeX.

See the inputenc package documentation for explanation.
Type  H <return>  for immediate help.
 ...                                              
                                                  
l.3 ...–∞—Ç—å –∫—Ä–∏—Ç–µ—Ä–∏–π –æ—Ü–µ–Ω–∫–∏ —Å–ª—É
                                                  —á–∞–π–Ω–æ—Å—Ç–∏ –ø–æ—Å–ª–...

You may provide a definition with
\DeclareUnicodeCharacter 


! Package inputenc Error: Unicode character —á (U+0447)
(inputenc)                not set up for use with LaTeX.

See the inputenc package documentation for explanation.
Type  H <return>  for immediate help.
 ...                                              
                                                  
l.3 ...—Ç—å –∫—Ä–∏—Ç–µ—Ä–∏–π –æ—Ü–µ–Ω–∫–∏ —Å–ª—É—á
                                                  –∞–π–Ω–æ—Å—Ç–∏ –ø–æ—Å–ª–µ–...

You may provide a definition with
\DeclareUnicodeCharacter 


! Package inputenc Error: Unicode character –∞ (U+0430)
(inputenc)                not set up for use with LaTeX.

See the inputenc package documentation for explanation.
Type  H <return>  for immediate help.
 ...                                              
                                                  
l.3 ...—å –∫—Ä–∏—Ç–µ—Ä–∏–π –æ—Ü–µ–Ω–∫–∏ —Å–ª—É—á–∞
                                                  –π–Ω–æ—Å—Ç–∏ –ø–æ—Å–ª–µ–¥–...

You may provide a definition with
\DeclareUnicodeCharacter 


! Package inputenc Error: Unicode character –π (U+0439)
(inputenc)                not set up for use with LaTeX.

See the inputenc package documentation for explanation.
Type  H <return>  for immediate help.
 ...                                              
                                                  
l.3 ... –∫—Ä–∏—Ç–µ—Ä–∏–π –æ—Ü–µ–Ω–∫–∏ —Å–ª—É—á–∞–π
                                                  –Ω–æ—Å—Ç–∏ –ø–æ—Å–ª–µ–¥–æ–...

You may provide a definition with
\DeclareUnicodeCharacter 


! Package inputenc Error: Unicode character –Ω (U+043D)
(inputenc)                not set up for use with LaTeX.

See the inputenc package documentation for explanation.
Type  H <return>  for immediate help.
 ...                                              
                                                  
l.3 ...∫—Ä–∏—Ç–µ—Ä–∏–π –æ—Ü–µ–Ω–∫–∏ —Å–ª—É—á–∞–π–Ω
                                                  –æ—Å—Ç–∏ –ø–æ—Å–ª–µ–¥–æ–≤–...

You may provide a definition with
\DeclareUnicodeCharacter 


! Package inputenc Error: Unicode character –æ (U+043E)
(inputenc)                not set up for use with LaTeX.

See the inputenc package documentation for explanation.
Type  H <return>  for immediate help.
 ...                                              
                                                  
l.3 ...Ä–∏—Ç–µ—Ä–∏–π –æ—Ü–µ–Ω–∫–∏ —Å–ª—É—á–∞–π–Ω–æ
                                                  —Å—Ç–∏ –ø–æ—Å–ª–µ–¥–æ–≤–∞—...

You may provide a definition with
\DeclareUnicodeCharacter 


! Package inputenc Error: Unicode character —Å (U+0441)
(inputenc)                not set up for use with LaTeX.

See the inputenc package documentation for explanation.
Type  H <return>  for immediate help.
 ...                                              
                                                  
l.3 ...∏—Ç–µ—Ä–∏–π –æ—Ü–µ–Ω–∫–∏ —Å–ª—É—á–∞–π–Ω–æ—Å
                                                  —Ç–∏ –ø–æ—Å–ª–µ–¥–æ–≤–∞—Ç–...

You may provide a definition with
\DeclareUnicodeCharacter 


! Package inputenc Error: Unicode character —Ç (U+0442)
(inputenc)                not set up for use with LaTeX.

See the inputenc package documentation for explanation.
Type  H <return>  for immediate help.
 ...                                              
                                                  
l.3 ...Ç–µ—Ä–∏–π –æ—Ü–µ–Ω–∫–∏ —Å–ª—É—á–∞–π–Ω–æ—Å—Ç
                                                  –∏ –ø–æ—Å–ª–µ–¥–æ–≤–∞—Ç–µ–...

You may provide a definition with
\DeclareUnicodeCharacter 


! Package inputenc Error: Unicode character –∏ (U+0438)
(inputenc)                not set up for use with LaTeX.

See the inputenc package documentation for explanation.
Type  H <return>  for immediate help.
 ...                                              
                                                  
l.3 ...µ—Ä–∏–π –æ—Ü–µ–Ω–∫–∏ —Å–ª—É—á–∞–π–Ω–æ—Å—Ç–∏
                                                   –ø–æ—Å–ª–µ–¥–æ–≤–∞—Ç–µ–ª—...

You may provide a definition with
\DeclareUnicodeCharacter 


! Package inputenc Error: Unicode character –ø (U+043F)
(inputenc)                not set up for use with LaTeX.

See the inputenc package documentation for explanation.
Type  H <return>  for immediate help.
 ...                                              
                                                  
l.3 ...–∏–π –æ—Ü–µ–Ω–∫–∏ —Å–ª—É—á–∞–π–Ω–æ—Å—Ç–∏ –ø
                                                  –æ—Å–ª–µ–¥–æ–≤–∞—Ç–µ–ª—å–Ω...

You may provide a definition with
\DeclareUnicodeCharacter 


! Package inputenc Error: Unicode character –æ (U+043E)
(inputenc)                not set up for use with LaTeX.

See the inputenc package documentation for explanation.
Type  H <return>  for immediate help.
 ...                                              
                                                  
l.3 ...–π –æ—Ü–µ–Ω–∫–∏ —Å–ª—É—á–∞–π–Ω–æ—Å—Ç–∏ –ø–æ
                                                  —Å–ª–µ–¥–æ–≤–∞—Ç–µ–ª—å–Ω–æ...

You may provide a definition with
\DeclareUnicodeCharacter 


! Package inputenc Error: Unicode character —Å (U+0441)
(inputenc)                not set up for use with LaTeX.

See the inputenc package documentation for explanation.
Type  H <return>  for immediate help.
 ...                                              
                                                  
l.3 ... –æ—Ü–µ–Ω–∫–∏ —Å–ª—É—á–∞–π–Ω–æ—Å—Ç–∏ –ø–æ—Å
                                                  –ª–µ–¥–æ–≤–∞—Ç–µ–ª—å–Ω–æ—Å...

You may provide a definition with
\DeclareUnicodeCharacter 


! Package inputenc Error: Unicode character –ª (U+043B)
(inputenc)                not set up for use with LaTeX.

See the inputenc package documentation for explanation.
Type  H <return>  for immediate help.
 ...                                              
                                                  
l.3 ...æ—Ü–µ–Ω–∫–∏ —Å–ª—É—á–∞–π–Ω–æ—Å—Ç–∏ –ø–æ—Å–ª
                                                  –µ–¥–æ–≤–∞—Ç–µ–ª—å–Ω–æ—Å—Ç–∏.

You may provide a definition with
\DeclareUnicodeCharacter 


! Package inputenc Error: Unicode character –µ (U+0435)
(inputenc)                not set up for use with LaTeX.

See the inputenc package documentation for explanation.
Type  H <return>  for immediate help.
 ...                                              
                                                  
l.3 ...Ü–µ–Ω–∫–∏ —Å–ª—É—á–∞–π–Ω–æ—Å—Ç–∏ –ø–æ—Å–ª–µ
                                                  –¥–æ–≤–∞—Ç–µ–ª—å–Ω–æ—Å—Ç–∏.
You may provide a definition with
\DeclareUnicodeCharacter 


! Package inputenc Error: Unicode character –¥ (U+0434)
(inputenc)                not set up for use with LaTeX.

See the inputenc package documentation for explanation.
Type  H <return>  for immediate help.
 ...                                              
                                                  
l.3 ...µ–Ω–∫–∏ —Å–ª—É—á–∞–π–Ω–æ—Å—Ç–∏ –ø–æ—Å–ª–µ–¥
                                                  –æ–≤–∞—Ç–µ–ª—å–Ω–æ—Å—Ç–∏.
You may provide a definition with
\DeclareUnicodeCharacter 


! Package inputenc Error: Unicode character –æ (U+043E)
(inputenc)                not set up for use with LaTeX.

See the inputenc package documentation for explanation.
Type  H <return>  for immediate help.
 ...                                              
                                                  
l.3 ...Ω–∫–∏ —Å–ª—É—á–∞–π–Ω–æ—Å—Ç–∏ –ø–æ—Å–ª–µ–¥–æ
                                                  –≤–∞—Ç–µ–ª—å–Ω–æ—Å—Ç–∏.
You may provide a definition with
\DeclareUnicodeCharacter 


! Package inputenc Error: Unicode character –≤ (U+0432)
(inputenc)                not set up for use with LaTeX.

See the inputenc package documentation for explanation.
Type  H <return>  for immediate help.
 ...                                              
                                                  
l.3 ...∫–∏ —Å–ª—É—á–∞–π–Ω–æ—Å—Ç–∏ –ø–æ—Å–ª–µ–¥–æ–≤
                                                  –∞—Ç–µ–ª—å–Ω–æ—Å—Ç–∏.
You may provide a definition with
\DeclareUnicodeCharacter 


! Package inputenc Error: Unicode character –∞ (U+0430)
(inputenc)                not set up for use with LaTeX.

See the inputenc package documentation for explanation.
Type  H <return>  for immediate help.
 ...                                              
                                                  
l.3 ...∏ —Å–ª—É—á–∞–π–Ω–æ—Å—Ç–∏ –ø–æ—Å–ª–µ–¥–æ–≤–∞
                                                  —Ç–µ–ª—å–Ω–æ—Å—Ç–∏.
You may provide a definition with
\DeclareUnicodeCharacter 


! Package inputenc Error: Unicode character —Ç (U+0442)
(inputenc)                not set up for use with LaTeX.

See the inputenc package documentation for explanation.
Type  H <return>  for immediate help.
 ...                                              
                                                  
l.3 ...—Å–ª—É—á–∞–π–Ω–æ—Å—Ç–∏ –ø–æ—Å–ª–µ–¥–æ–≤–∞—Ç
                                                  –µ–ª—å–Ω–æ—Å—Ç–∏.
You may provide a definition with
\DeclareUnicodeCharacter 


! Package inputenc Error: Unicode character –µ (U+0435)
(inputenc)                not set up for use with LaTeX.

See the inputenc package documentation for explanation.
Type  H <return>  for immediate help.
 ...                                              
                                                  
l.3 ...–ª—É—á–∞–π–Ω–æ—Å—Ç–∏ –ø–æ—Å–ª–µ–¥–æ–≤–∞—Ç–µ
                                                  –ª—å–Ω–æ—Å—Ç–∏.
You may provide a definition with
\DeclareUnicodeCharacter 


! Package inputenc Error: Unicode character –ª (U+043B)
(inputenc)                not set up for use with LaTeX.

See the inputenc package documentation for explanation.
Type  H <return>  for immediate help.
 ...                                              
                                                  
l.3 ...—É—á–∞–π–Ω–æ—Å—Ç–∏ –ø–æ—Å–ª–µ–¥–æ–≤–∞—Ç–µ–ª
                                                  —å–Ω–æ—Å—Ç–∏.
You may provide a definition with
\DeclareUnicodeCharacter 


! Package inputenc Error: Unicode character —å (U+044C)
(inputenc)                not set up for use with LaTeX.

See the inputenc package documentation for explanation.
Type  H <return>  for immediate help.
 ...                                              
                                                  
l.3 ...—á–∞–π–Ω–æ—Å—Ç–∏ –ø–æ—Å–ª–µ–¥–æ–≤–∞—Ç–µ–ª—å
                                                  –Ω–æ—Å—Ç–∏.
You may provide a definition with
\DeclareUnicodeCharacter 


! Package inputenc Error: Unicode character –Ω (U+043D)
(inputenc)                not set up for use with LaTeX.

See the inputenc package documentation for explanation.
Type  H <return>  for immediate help.
 ...                                              
                                                  
l.3 ...–∞–π–Ω–æ—Å—Ç–∏ –ø–æ—Å–ª–µ–¥–æ–≤–∞—Ç–µ–ª—å–Ω
                                                  –æ—Å—Ç–∏.
You may provide a definition with
\DeclareUnicodeCharacter 


! Package inputenc Error: Unicode character –æ (U+043E)
(inputenc)                not set up for use with LaTeX.

See the inputenc package documentation for explanation.
Type  H <return>  for immediate help.
 ...                                              
                                                  
l.3 ...–π–Ω–æ—Å—Ç–∏ –ø–æ—Å–ª–µ–¥–æ–≤–∞—Ç–µ–ª—å–Ω–æ
                                                  —Å—Ç–∏.
You may provide a definition with
\DeclareUnicodeCharacter 


! Package inputenc Error: Unicode character —Å (U+0441)
(inputenc)                not set up for use with LaTeX.

See the inputenc package documentation for explanation.
Type  H <return>  for immediate help.
 ...                                              
                                                  
l.3 ...–Ω–æ—Å—Ç–∏ –ø–æ—Å–ª–µ–¥–æ–≤–∞—Ç–µ–ª—å–Ω–æ—Å
                                                  —Ç–∏.
You may provide a definition with
\DeclareUnicodeCharacter 


! Package inputenc Error: Unicode character —Ç (U+0442)
(inputenc)                not set up for use with LaTeX.

See the inputenc package documentation for explanation.
Type  H <return>  for immediate help.
 ...                                              
                                                  
l.3 ...–æ—Å—Ç–∏ –ø–æ—Å–ª–µ–¥–æ–≤–∞—Ç–µ–ª—å–Ω–æ—Å—Ç
                                                  –∏.
You may provide a definition with
\DeclareUnicodeCharacter 


! Package inputenc Error: Unicode character –∏ (U+0438)
(inputenc)                not set up for use with LaTeX.

See the inputenc package documentation for explanation.
Type  H <return>  for immediate help.
 ...                                              
                                                  
l.3 ...—Å—Ç–∏ –ø–æ—Å–ª–µ–¥–æ–≤–∞—Ç–µ–ª—å–Ω–æ—Å—Ç–∏
                                                  .
You may provide a definition with
\DeclareUnicodeCharacter 


! LaTeX Error: Missing \begin{document}.

See the LaTeX manual or LaTeX Companion for explanation.
Type  H <return>  for immediate help.
 ...                                              
                                                  
l.3 ...Å—Ç–∏ –ø–æ—Å–ª–µ–¥–æ–≤–∞—Ç–µ–ª—å–Ω–æ—Å—Ç–∏.
                                                  
You're in trouble here.  Try typing  <return>  to proceed.
If that doesn't work, type  X <return>  to quit.

Missing character: There is no . in font nullfont!

! Package inputenc Error: Unicode character –° (U+0421)
(inputenc)                not set up for use with LaTeX.

See the inputenc package documentation for explanation.
Type  H <return>  for immediate help.
 ...                                              
                                                  
l.4 –°
      —Ä–∞–≤–Ω–∏—Ç—å —Ä–µ–∑—É–ª—å—Ç–∞—Ç—ã —Ä–∞–±–æ—Ç—ã –¥–∞–Ω–Ω–æ–≥–æ –∫—Ä–∏...

You may provide a definition with
\DeclareUnicodeCharacter 


! Package inputenc Error: Unicode character —Ä (U+0440)
(inputenc)                not set up for use with LaTeX.

See the inputenc package documentation for explanation.
Type  H <return>  for immediate help.
 ...                                              
                                                  
l.4 –°—Ä
        –∞–≤–Ω–∏—Ç—å —Ä–µ–∑—É–ª—å—Ç–∞—Ç—ã —Ä–∞–±–æ—Ç—ã –¥–∞–Ω–Ω–æ–≥–æ –∫—Ä–∏...

You may provide a definition with
\DeclareUnicodeCharacter 


! Package inputenc Error: Unicode character –∞ (U+0430)
(inputenc)                not set up for use with LaTeX.

See the inputenc package documentation for explanation.
Type  H <return>  for immediate help.
 ...                                              
                                                  
l.4 –°—Ä–∞
          –≤–Ω–∏—Ç—å —Ä–µ–∑—É–ª—å—Ç–∞—Ç—ã —Ä–∞–±–æ—Ç—ã –¥–∞–Ω–Ω–æ–≥–æ –∫—Ä–∏...

You may provide a definition with
\DeclareUnicodeCharacter 


! Package inputenc Error: Unicode character –≤ (U+0432)
(inputenc)                not set up for use with LaTeX.

See the inputenc package documentation for explanation.
Type  H <return>  for immediate help.
 ...                                              
                                                  
l.4 –°—Ä–∞–≤
            –Ω–∏—Ç—å —Ä–µ–∑—É–ª—å—Ç–∞—Ç—ã —Ä–∞–±–æ—Ç—ã –¥–∞–Ω–Ω–æ–≥–æ –∫—Ä–∏...

You may provide a definition with
\DeclareUnicodeCharacter 


! Package inputenc Error: Unicode character –Ω (U+043D)
(inputenc)                not set up for use with LaTeX.

See the inputenc package documentation for explanation.
Type  H <return>  for immediate help.
 ...                                              
                                                  
l.4 –°—Ä–∞–≤–Ω
              –∏—Ç—å —Ä–µ–∑—É–ª—å—Ç–∞—Ç—ã —Ä–∞–±–æ—Ç—ã –¥–∞–Ω–Ω–æ–≥–æ –∫—Ä–∏...

You may provide a definition with
\DeclareUnicodeCharacter 


! Package inputenc Error: Unicode character –∏ (U+0438)
(inputenc)                not set up for use with LaTeX.

See the inputenc package documentation for explanation.
Type  H <return>  for immediate help.
 ...                                              
                                                  
l.4 –°—Ä–∞–≤–Ω–∏
                —Ç—å —Ä–µ–∑—É–ª—å—Ç–∞—Ç—ã —Ä–∞–±–æ—Ç—ã –¥–∞–Ω–Ω–æ–≥–æ –∫—Ä–∏...

You may provide a definition with
\DeclareUnicodeCharacter 


! Package inputenc Error: Unicode character —Ç (U+0442)
(inputenc)                not set up for use with LaTeX.

See the inputenc package documentation for explanation.
Type  H <return>  for immediate help.
 ...                                              
                                                  
l.4 –°—Ä–∞–≤–Ω–∏—Ç
                  —å —Ä–µ–∑—É–ª—å—Ç–∞—Ç—ã —Ä–∞–±–æ—Ç—ã –¥–∞–Ω–Ω–æ–≥–æ –∫—Ä–∏...

You may provide a definition with
\DeclareUnicodeCharacter 


! Package inputenc Error: Unicode character —å (U+044C)
(inputenc)                not set up for use with LaTeX.

See the inputenc package documentation for explanation.
Type  H <return>  for immediate help.
 ...                                              
                                                  
l.4 –°—Ä–∞–≤–Ω–∏—Ç—å
                     —Ä–µ–∑—É–ª—å—Ç–∞—Ç—ã —Ä–∞–±–æ—Ç—ã –¥–∞–Ω–Ω–æ–≥–æ –∫—Ä–∏...

You may provide a definition with
\DeclareUnicodeCharacter 


! Package inputenc Error: Unicode character —Ä (U+0440)
(inputenc)                not set up for use with LaTeX.

See the inputenc package documentation for explanation.
Type  H <return>  for immediate help.
 ...                                              
                                                  
l.4 –°—Ä–∞–≤–Ω–∏—Ç—å —Ä
                       –µ–∑—É–ª—å—Ç–∞—Ç—ã —Ä–∞–±–æ—Ç—ã –¥–∞–Ω–Ω–æ–≥–æ –∫—Ä–∏...

You may provide a definition with
\DeclareUnicodeCharacter 


! Package inputenc Error: Unicode character –µ (U+0435)
(inputenc)                not set up for use with LaTeX.

See the inputenc package documentation for explanation.
Type  H <return>  for immediate help.
 ...                                              
                                                  
l.4 –°—Ä–∞–≤–Ω–∏—Ç—å —Ä–µ
                         –∑—É–ª—å—Ç–∞—Ç—ã —Ä–∞–±–æ—Ç—ã –¥–∞–Ω–Ω–æ–≥–æ –∫—Ä–∏...

You may provide a definition with
\DeclareUnicodeCharacter 


! Package inputenc Error: Unicode character –∑ (U+0437)
(inputenc)                not set up for use with LaTeX.

See the inputenc package documentation for explanation.
Type  H <return>  for immediate help.
 ...                                              
                                                  
l.4 –°—Ä–∞–≤–Ω–∏—Ç—å —Ä–µ–∑
                           —É–ª—å—Ç–∞—Ç—ã —Ä–∞–±–æ—Ç—ã –¥–∞–Ω–Ω–æ–≥–æ –∫—Ä–∏...

You may provide a definition with
\DeclareUnicodeCharacter 


! Package inputenc Error: Unicode character —É (U+0443)
(inputenc)                not set up for use with LaTeX.

See the inputenc package documentation for explanation.
Type  H <return>  for immediate help.
 ...                                              
                                                  
l.4 –°—Ä–∞–≤–Ω–∏—Ç—å —Ä–µ–∑—É
                             –ª—å—Ç–∞—Ç—ã —Ä–∞–±–æ—Ç—ã –¥–∞–Ω–Ω–æ–≥–æ –∫—Ä–∏...

You may provide a definition with
\DeclareUnicodeCharacter 


! Package inputenc Error: Unicode character –ª (U+043B)
(inputenc)                not set up for use with LaTeX.

See the inputenc package documentation for explanation.
Type  H <return>  for immediate help.
 ...                                              
                                                  
l.4 –°—Ä–∞–≤–Ω–∏—Ç—å —Ä–µ–∑—É–ª
                               —å—Ç–∞—Ç—ã —Ä–∞–±–æ—Ç—ã –¥–∞–Ω–Ω–æ–≥–æ –∫—Ä–∏...

You may provide a definition with
\DeclareUnicodeCharacter 


! Package inputenc Error: Unicode character —å (U+044C)
(inputenc)                not set up for use with LaTeX.

See the inputenc package documentation for explanation.
Type  H <return>  for immediate help.
 ...                                              
                                                  
l.4 –°—Ä–∞–≤–Ω–∏—Ç—å —Ä–µ–∑—É–ª—å
                                 —Ç–∞—Ç—ã —Ä–∞–±–æ—Ç—ã –¥–∞–Ω–Ω–æ–≥–æ –∫—Ä–∏...
(That makes 100 errors; please try again.) 
Here is how much of TeX's memory you used:
 44 strings out of 480790
 837 string characters out of 2911284
 238890 words of memory out of 3000000
 16155 multiletter control sequences out of 15000+200000
 532338 words of font info for 24 fonts, out of 3000000 for 9000
 1141 hyphenation exceptions out of 8191
 12i,0n,15p,290b,30s stack positions out of 5000i,500n,10000p,200000b,50000s

!  ==> Fatal error occurred, no output PDF file produced!
